    460  lim, limit on number of iterations
  96.00  h1,  thickness of negative electrode (microns)
  25.00  h2,  thickness of separator (microns)
  60.00  h3,  thickness of positive electrode (microns)
  10.00  hcn, thickness of negative electrode current collector (microns)
  10.00  hcp, thickness of positive electrode current collector (microns)
     40  n1,  number of nodes in negative electrode
     40  n2,  number of nodes in separator
     80  n3,  number of nodes in positive electrode
 298.15  T,   temperature (K)

 1000.0  xx(1,n1+2), initial concentration (mol/m3)
 0.8000  csx,   initial stoichiometric parameter for negative
 0.6000  csy,   initial stoichiometric parameter for positive
    1.0  tmmax, maximum time step size (s)
 .7E-13  dfs1, diffusion coefficient in negative solid (m2/s)
 .3E-13  dfs3, diffusion coefficient in positive solid (m2/s)
   8.00  Rad1,  radius of negative particles (microns)
   5.00  Rad3,  radius of positive particles (microns)

  0.400  ep1,   volume fraction of electrolyte in negative electrode
  0.000  epp1,  volume fraction of polymer phase in negative electrode
  0.064  epf1,  volume fraction of inert filler in negative electrode
  0.400  ep2,   volume fraction of electrolyte in separator
  0.000  epp2,  volume fraction of polymer phase in separator
  0.360  ep3,   volume fraction of electrolyte in positive electrode
  0.000  epp3,  volume fraction of polymer phase in positive electrode
  0.106  epf3,  volume fraction of inert filler in positive electrode
 0.10E+03  sig1,  conductivity of negative matrix (S/m)
 0.50      sig3,  conductivity of positive matrix (S/m)
  372.00  cot1,  coulombic capacity of negative material (mAh/g)
  274.00  cot3,  coulombic capacity of positive material (mAh/g)
 .3E-08  rka1,  reaction rate constant for negative reaction 
 .3E-08  rka3,  reaction rate constant for positive reaction

 1324.0  re,   density of electrolyte (kg/m3)
 1800.0  rs1,  density of negative insertion material (kg/m3)
 5010.0  rs3,  density of positive insertion material (kg/m3)
 1800.0  rf,   density of inert filler (kg/m3)
 1780.0  rpl,  density of polymer phase (kg/m3)
  552.0  rc,   density of separator material (kg/m3)
 8954.0  rcn,  density of negative current collector (kg/m3)
 2707.0  rcp,  density of positive current collector (kg/m3)

   0.003500  ranode,   anode film resistance (ohm-m2)
   0.000000  rcathde,  cathode film resistance (ohm-m2)
   0.00  htc,   heat-transfer coefficient with external medium (W/m2K)
   0.000000  dUdT,  temperature coefficient of EMF (V/K)
  500.0  Cp,    heat capacity of cell (J/kg-K)
   0.00  residm,    residual mass (kg/m2)
 298.15  Tam,   ambient temperature (K)
      1  ncell, number of cells in a cell stack
      0  lht,   0 uses htc,  1 calcs htc,  2 isothermal

      0    nside, side reaction flag 

      1  il1,   1 for long print-out  0 for short print-out
     10  il2,   prints every il2 th node in long print-out
     10  il3,   prints every il3 th time step in long print-out
      1  lflag, 0 for electrolyte in separator only, 1 for uniform
      0  imp, 0 for no impedance, 1 for impedance
   0.00  capp1,  capacitance of negative material (F/m2)
   0.00  capp3,  capacitance of positive material (F/m2)
      1  lcurs, number of current changes
  
 MCMB 2528 Graphite (Bellcore)
 LiPF6 in EC:DMC
 LiCoO2 (Cobalt dioxide)
 open-circuit potential, negative   0.17519318402833506     
 delta S negative   -1.0000027790637397E-004
 open-circuit potential, positive    4.0270138473420616     
 delta S positive   -2.8997860448292230E-004
  
      DUAL INSERTION CELL VERSION 5.1
  
   Time     Util N  Util P  Cell Pot   Uocp      Curr      Temp   heatgen
   (min)       x       y      (V)       (V)      (A/m2)    (C)    (W/m2)
  
    0.000, 0.8000, 0.6000,  0.49263,  3.85182,  2421.54,  25.00,   6961.64, 
    0.000, 0.7996, 0.6003,  0.48051,  3.85146,  2402.57,  25.57,   7080.71, 
    0.000, 0.7996, 0.6003,  0.48051,  3.85146,  2402.57,  25.57,   7080.71, 
    0.001, 0.7992, 0.6006,  0.48285,  3.85109,  2414.23,  26.15,   7103.42, 
    0.001, 0.7992, 0.6006,  0.48285,  3.85109,  2414.23,  26.15,   7103.42, 
    0.001, 0.7988, 0.6009,  0.48536,  3.85072,  2426.81,  26.73,   7127.87, 
    0.001, 0.7988, 0.6009,  0.48536,  3.85072,  2426.81,  26.73,   7127.87, 
    0.001, 0.7984, 0.6012,  0.48818,  3.85035,  2440.92,  27.31,   7155.18, 
    0.001, 0.7984, 0.6012,  0.48818,  3.85035,  2440.92,  27.31,   7155.18, 
    0.002, 0.7980, 0.6015,  0.49116,  3.84998,  2455.78,  27.89,   7183.78, 
    0.002, 0.7980, 0.6015,  0.49116,  3.84998,  2455.78,  27.89,   7183.78, 
    0.002, 0.7976, 0.6018,  0.49421,  3.84960,  2471.05,  28.48,   7213.00, 
    0.002, 0.7976, 0.6018,  0.49421,  3.84960,  2471.05,  28.48,   7213.00, 
    0.002, 0.7972, 0.6022,  0.49731,  3.84922,  2486.55,  29.06,   7242.45, 
    0.002, 0.7972, 0.6022,  0.49731,  3.84922,  2486.55,  29.06,   7242.45, 
    0.003, 0.7968, 0.6025,  0.50043,  3.84884,  2502.16,  29.65,   7271.92, 
    0.003, 0.7968, 0.6025,  0.50043,  3.84884,  2502.16,  29.65,   7271.92, 
    0.003, 0.7964, 0.6028,  0.50356,  3.84846,  2517.81,  30.25,   7301.24, 
    0.003, 0.7964, 0.6028,  0.50356,  3.84846,  2517.81,  30.25,   7301.24, 
    0.003, 0.7960, 0.6031,  0.50669,  3.84807,  2533.44,  30.84,   7330.32, 
    0.003, 0.7960, 0.6031,  0.50669,  3.84807,  2533.44,  30.84,   7330.32, 
    0.004, 0.7956, 0.6034,  0.50980,  3.84768,  2549.01,  31.44,   7359.07, 
    0.004, 0.7956, 0.6034,  0.50980,  3.84768,  2549.01,  31.44,   7359.07, 
    0.004, 0.7952, 0.6038,  0.51290,  3.84729,  2564.48,  32.04,   7387.44, 
    0.004, 0.7952, 0.6038,  0.51290,  3.84729,  2564.48,  32.04,   7387.44, 
    0.004, 0.7948, 0.6041,  0.51597,  3.84690,  2579.83,  32.64,   7415.38, 
    0.004, 0.7948, 0.6041,  0.51597,  3.84690,  2579.83,  32.64,   7415.38, 
    0.005, 0.7944, 0.6044,  0.51901,  3.84650,  2595.03,  33.24,   7442.85, 
    0.005, 0.7944, 0.6044,  0.51901,  3.84650,  2595.03,  33.24,   7442.85, 
    0.005, 0.7939, 0.6047,  0.52201,  3.84611,  2610.06,  33.85,   7469.82, 
    0.005, 0.7939, 0.6047,  0.52201,  3.84611,  2610.06,  33.85,   7469.82, 
    0.005, 0.7935, 0.6051,  0.52498,  3.84571,  2624.90,  34.45,   7496.26, 
    0.005, 0.7935, 0.6051,  0.52498,  3.84571,  2624.90,  34.45,   7496.26, 
    0.006, 0.7931, 0.6054,  0.52791,  3.84530,  2639.54,  35.06,   7522.13, 
    0.006, 0.7931, 0.6054,  0.52791,  3.84530,  2639.54,  35.06,   7522.13, 
    0.006, 0.7927, 0.6057,  0.53079,  3.84490,  2653.94,  35.68,   7547.42, 
    0.006, 0.7927, 0.6057,  0.53079,  3.84490,  2653.94,  35.68,   7547.42, 
    0.006, 0.7922, 0.6061,  0.53362,  3.84449,  2668.08,  36.29,   7572.08, 
    0.006, 0.7922, 0.6061,  0.53362,  3.84449,  2668.08,  36.29,   7572.08, 
    0.007, 0.7918, 0.6064,  0.53639,  3.84408,  2681.94,  36.91,   7596.08, 
    0.007, 0.7918, 0.6064,  0.53639,  3.84408,  2681.94,  36.91,   7596.08, 
    0.007, 0.7914, 0.6068,  0.53910,  3.84367,  2695.49,  37.52,   7619.40, 
    0.007, 0.7914, 0.6068,  0.53910,  3.84367,  2695.49,  37.52,   7619.40, 
    0.007, 0.7909, 0.6071,  0.54174,  3.84326,  2708.72,  38.14,   7642.01, 
    0.007, 0.7909, 0.6071,  0.54174,  3.84326,  2708.72,  38.14,   7642.01, 
    0.008, 0.7905, 0.6074,  0.54432,  3.84284,  2721.60,  38.77,   7663.90, 
    0.008, 0.7905, 0.6074,  0.54432,  3.84284,  2721.60,  38.77,   7663.90, 
    0.008, 0.7901, 0.6078,  0.54683,  3.84242,  2734.13,  39.39,   7685.06, 
    0.008, 0.7901, 0.6078,  0.54683,  3.84242,  2734.13,  39.39,   7685.06, 
    0.008, 0.7896, 0.6081,  0.54926,  3.84201,  2746.31,  40.01,   7705.49, 
    0.008, 0.7896, 0.6081,  0.54926,  3.84201,  2746.31,  40.01,   7705.49, 
    0.009, 0.7892, 0.6085,  0.55163,  3.84158,  2758.14,  40.64,   7725.23, 
    0.009, 0.7892, 0.6085,  0.55163,  3.84158,  2758.14,  40.64,   7725.23, 
    0.009, 0.7887, 0.6088,  0.55393,  3.84116,  2769.63,  41.27,   7744.28, 
    0.009, 0.7887, 0.6088,  0.55393,  3.84116,  2769.63,  41.27,   7744.28, 
    0.009, 0.7883, 0.6092,  0.55616,  3.84074,  2780.78,  41.90,   7762.66, 
    0.009, 0.7883, 0.6092,  0.55616,  3.84074,  2780.78,  41.90,   7762.66, 
    0.010, 0.7878, 0.6095,  0.55832,  3.84031,  2791.60,  42.53,   7780.42, 
    0.010, 0.7878, 0.6095,  0.55832,  3.84031,  2791.60,  42.53,   7780.42, 
    0.010, 0.7874, 0.6099,  0.56042,  3.83989,  2802.11,  43.16,   7797.55, 
    0.010, 0.7874, 0.6099,  0.56042,  3.83989,  2802.11,  43.16,   7797.55, 
    0.010, 0.7869, 0.6102,  0.56246,  3.83946,  2812.30,  43.80,   7814.09, 
    0.010, 0.7869, 0.6102,  0.56246,  3.83946,  2812.30,  43.80,   7814.09, 
    0.011, 0.7865, 0.6106,  0.56444,  3.83903,  2822.18,  44.43,   7830.04, 
    0.011, 0.7865, 0.6106,  0.56444,  3.83903,  2822.18,  44.43,   7830.04, 
    0.011, 0.7860, 0.6110,  0.56635,  3.83860,  2831.75,  45.07,   7845.41, 
    0.011, 0.7860, 0.6110,  0.56635,  3.83860,  2831.75,  45.07,   7845.41, 
    0.011, 0.7855, 0.6113,  0.56820,  3.83817,  2841.01,  45.70,   7860.23, 
    0.011, 0.7855, 0.6113,  0.56820,  3.83817,  2841.01,  45.70,   7860.23, 
    0.012, 0.7851, 0.6117,  0.56999,  3.83774,  2849.97,  46.34,   7874.48, 
    0.012, 0.7851, 0.6117,  0.56999,  3.83774,  2849.97,  46.34,   7874.48, 
    0.012, 0.7846, 0.6120,  0.57173,  3.83730,  2858.63,  46.98,   7888.19, 
    0.012, 0.7846, 0.6120,  0.57173,  3.83730,  2858.63,  46.98,   7888.19, 
    0.012, 0.7842, 0.6124,  0.57340,  3.83687,  2866.98,  47.62,   7901.35, 
    0.012, 0.7842, 0.6124,  0.57340,  3.83687,  2866.98,  47.62,   7901.35, 
    0.013, 0.7837, 0.6128,  0.57500,  3.83643,  2875.02,  48.27,   7913.97, 
    0.013, 0.7837, 0.6128,  0.57500,  3.83643,  2875.02,  48.27,   7913.97, 
    0.013, 0.7832, 0.6131,  0.57655,  3.83600,  2882.76,  48.91,   7926.07, 
    0.013, 0.7832, 0.6131,  0.57655,  3.83600,  2882.76,  48.91,   7926.07, 
    0.013, 0.7828, 0.6135,  0.57804,  3.83556,  2890.18,  49.55,   7937.63, 
    0.013, 0.7828, 0.6135,  0.57804,  3.83556,  2890.18,  49.55,   7937.63, 
    0.014, 0.7823, 0.6139,  0.57946,  3.83512,  2897.30,  50.20,   7948.66, 
    0.014, 0.7823, 0.6139,  0.57946,  3.83512,  2897.30,  50.20,   7948.66, 
    0.014, 0.7818, 0.6142,  0.58082,  3.83469,  2904.12,  50.84,   7959.18, 
    0.014, 0.7818, 0.6142,  0.58082,  3.83469,  2904.12,  50.84,   7959.18, 
    0.014, 0.7814, 0.6146,  0.58212,  3.83425,  2910.62,  51.49,   7969.18, 
    0.014, 0.7814, 0.6146,  0.58212,  3.83425,  2910.62,  51.49,   7969.18, 
    0.015, 0.7809, 0.6150,  0.58336,  3.83381,  2916.81,  52.14,   7978.67, 
    0.015, 0.7809, 0.6150,  0.58336,  3.83381,  2916.81,  52.14,   7978.67, 
    0.015, 0.7804, 0.6153,  0.58454,  3.83337,  2922.70,  52.78,   7987.66, 
    0.015, 0.7804, 0.6153,  0.58454,  3.83337,  2922.70,  52.78,   7987.66, 
    0.015, 0.7800, 0.6157,  0.58565,  3.83293,  2928.27,  53.43,   7996.14, 
    0.015, 0.7800, 0.6157,  0.58565,  3.83293,  2928.27,  53.43,   7996.14, 
    0.016, 0.7795, 0.6161,  0.58671,  3.83249,  2933.54,  54.08,   8004.13, 
    0.016, 0.7795, 0.6161,  0.58671,  3.83249,  2933.54,  54.08,   8004.13, 
    0.016, 0.7790, 0.6164,  0.58770,  3.83205,  2938.50,  54.73,   8011.63, 
    0.016, 0.7790, 0.6164,  0.58770,  3.83205,  2938.50,  54.73,   8011.63, 
    0.016, 0.7785, 0.6168,  0.58863,  3.83161,  2943.16,  55.38,   8018.65, 
    0.016, 0.7785, 0.6168,  0.58863,  3.83161,  2943.16,  55.38,   8018.65, 
    0.017, 0.7781, 0.6172,  0.58950,  3.83117,  2947.52,  56.03,   8025.19, 
    0.017, 0.7781, 0.6172,  0.58950,  3.83117,  2947.52,  56.03,   8025.19, 
    0.017, 0.7776, 0.6176,  0.59032,  3.83073,  2951.58,  56.68,   8031.27, 
    0.017, 0.7776, 0.6176,  0.59032,  3.83073,  2951.58,  56.68,   8031.27, 
    0.017, 0.7771, 0.6179,  0.59107,  3.83029,  2955.34,  57.33,   8036.90, 
    0.017, 0.7771, 0.6179,  0.59107,  3.83029,  2955.34,  57.33,   8036.90, 
    0.018, 0.7766, 0.6183,  0.59176,  3.82985,  2958.81,  57.99,   8042.08, 
    0.018, 0.7766, 0.6183,  0.59176,  3.82985,  2958.81,  57.99,   8042.08, 
    0.018, 0.7761, 0.6187,  0.59240,  3.82941,  2962.00,  58.64,   8046.81, 
    0.018, 0.7761, 0.6187,  0.59240,  3.82941,  2962.00,  58.64,   8046.81, 
    0.018, 0.7757, 0.6191,  0.59298,  3.82897,  2964.89,  59.29,   8051.12, 
    0.018, 0.7757, 0.6191,  0.59298,  3.82897,  2964.89,  59.29,   8051.12, 
    0.019, 0.7752, 0.6194,  0.59350,  3.82853,  2967.50,  59.95,   8054.99, 
    0.019, 0.7752, 0.6194,  0.59350,  3.82853,  2967.50,  59.95,   8054.99, 
    0.019, 0.7747, 0.6198,  0.59396,  3.82809,  2969.82,  60.60,   8058.42, 
    0.019, 0.7747, 0.6198,  0.59396,  3.82809,  2969.82,  60.60,   8058.42, 
    0.019, 0.7742, 0.6202,  0.59437,  3.82766,  2971.84,  61.25,   8061.41, 
    0.019, 0.7742, 0.6202,  0.59437,  3.82766,  2971.84,  61.25,   8061.41, 
    0.020, 0.7738, 0.6206,  0.59471,  3.82722,  2973.54,  61.91,   8063.93, 
    0.020, 0.7738, 0.6206,  0.59471,  3.82722,  2973.54,  61.91,   8063.93, 
    0.020, 0.7733, 0.6209,  0.59498,  3.82678,  2974.90,  62.56,   8065.97, 
    0.020, 0.7733, 0.6209,  0.59498,  3.82678,  2974.90,  62.56,   8065.97, 
    0.020, 0.7728, 0.6213,  0.59518,  3.82635,  2975.90,  63.22,   8067.47, 
    0.020, 0.7728, 0.6213,  0.59518,  3.82635,  2975.90,  63.22,   8067.47, 
    0.021, 0.7723, 0.6217,  0.59530,  3.82591,  2976.50,  63.87,   8068.40, 
    0.021, 0.7723, 0.6217,  0.59530,  3.82591,  2976.50,  63.87,   8068.40, 
    0.021, 0.7718, 0.6221,  0.59533,  3.82548,  2976.64,  64.52,   8068.66, 
    0.021, 0.7718, 0.6221,  0.59533,  3.82548,  2976.64,  64.52,   8068.66, 
    0.021, 0.7716, 0.6223,  0.59525,  3.82526,  2976.24,  64.89,   9126.68, 
    0.021, 0.7716, 0.6223,  0.59525,  3.82526,  2976.24,  64.89,   9126.68, 
    0.022, 0.7714, 0.6224,  0.59526,  3.82504,  2976.28,  65.22,   8068.65, 
    0.022, 0.7714, 0.6224,  0.59526,  3.82504,  2976.28,  65.22,   8068.65, 
    0.022, 0.7711, 0.6226,  0.59513,  3.82482,  2975.67,  65.55,   8067.83, 
    0.022, 0.7711, 0.6226,  0.59513,  3.82482,  2975.67,  65.55,   8067.83, 
    0.022, 0.7709, 0.6228,  0.59498,  3.82461,  2974.90,  65.88,   8066.76, 
    0.022, 0.7709, 0.6228,  0.59498,  3.82461,  2974.90,  65.88,   8066.76, 
    0.022, 0.7706, 0.6230,  0.59479,  3.82439,  2973.97,  66.20,   8065.45, 
    0.022, 0.7706, 0.6230,  0.59479,  3.82439,  2973.97,  66.20,   8065.45, 
    0.022, 0.7704, 0.6232,  0.59458,  3.82418,  2972.88,  66.53,   8063.92, 
    0.022, 0.7704, 0.6232,  0.59458,  3.82418,  2972.88,  66.53,   8063.92, 
    0.022, 0.7702, 0.6234,  0.59433,  3.82396,  2971.66,  66.86,   8062.21, 
    0.022, 0.7702, 0.6234,  0.59433,  3.82396,  2971.66,  66.86,   8062.21, 
    0.023, 0.7699, 0.6236,  0.59407,  3.82375,  2970.35,  67.18,   8060.34, 
    0.023, 0.7699, 0.6236,  0.59407,  3.82375,  2970.35,  67.18,   8060.34, 
    0.023, 0.7697, 0.6238,  0.59380,  3.82353,  2968.98,  67.51,   8058.38, 
    0.023, 0.7697, 0.6238,  0.59380,  3.82353,  2968.98,  67.51,   8058.38, 
    0.023, 0.7694, 0.6239,  0.59352,  3.82332,  2967.59,  67.84,   8056.35, 
    0.023, 0.7694, 0.6239,  0.59352,  3.82332,  2967.59,  67.84,   8056.35, 
    0.023, 0.7692, 0.6241,  0.59324,  3.82310,  2966.18,  68.16,   8054.30, 
    0.023, 0.7692, 0.6241,  0.59324,  3.82310,  2966.18,  68.16,   8054.30, 
    0.023, 0.7690, 0.6243,  0.59295,  3.82289,  2964.77,  68.49,   8052.23, 
    0.023, 0.7690, 0.6243,  0.59295,  3.82289,  2964.77,  68.49,   8052.23, 
    0.023, 0.7687, 0.6245,  0.59268,  3.82268,  2963.38,  68.82,   8050.15, 
    0.023, 0.7687, 0.6245,  0.59268,  3.82268,  2963.38,  68.82,   8050.15, 
    0.024, 0.7685, 0.6247,  0.59240,  3.82246,  2962.01,  69.14,   8048.09, 
    0.024, 0.7685, 0.6247,  0.59240,  3.82246,  2962.01,  69.14,   8048.09, 
    0.024, 0.7682, 0.6249,  0.59213,  3.82225,  2960.66,  69.47,   8046.05, 
    0.024, 0.7682, 0.6249,  0.59213,  3.82225,  2960.66,  69.47,   8046.05, 
    0.024, 0.7680, 0.6251,  0.59187,  3.82204,  2959.33,  69.80,   8044.03, 
    0.024, 0.7680, 0.6251,  0.59187,  3.82204,  2959.33,  69.80,   8044.03, 
    0.024, 0.7678, 0.6253,  0.59161,  3.82182,  2958.04,  70.12,   8042.04, 
    0.024, 0.7678, 0.6253,  0.59161,  3.82182,  2958.04,  70.12,   8042.04, 
    0.024, 0.7675, 0.6254,  0.59136,  3.82161,  2956.78,  70.45,   8040.08, 
    0.024, 0.7675, 0.6254,  0.59136,  3.82161,  2956.78,  70.45,   8040.08, 
    0.024, 0.7673, 0.6256,  0.59111,  3.82140,  2955.55,  70.77,   8038.16, 
    0.024, 0.7673, 0.6256,  0.59111,  3.82140,  2955.55,  70.77,   8038.16, 
    0.025, 0.7671, 0.6258,  0.59087,  3.82119,  2954.36,  71.10,   8036.28, 
    0.025, 0.7671, 0.6258,  0.59087,  3.82119,  2954.36,  71.10,   8036.28, 
    0.025, 0.7668, 0.6260,  0.59064,  3.82098,  2953.20,  71.43,   8034.45, 
    0.025, 0.7668, 0.6260,  0.59064,  3.82098,  2953.20,  71.43,   8034.45, 
    0.025, 0.7666, 0.6262,  0.59042,  3.82077,  2952.08,  71.75,   8032.66, 
    0.025, 0.7666, 0.6262,  0.59042,  3.82077,  2952.08,  71.75,   8032.66, 
    0.025, 0.7663, 0.6264,  0.59020,  3.82056,  2951.00,  72.08,   8030.91, 
    0.025, 0.7663, 0.6264,  0.59020,  3.82056,  2951.00,  72.08,   8030.91, 
    0.025, 0.7661, 0.6266,  0.58999,  3.82035,  2949.96,  72.40,   8029.21, 
    0.025, 0.7661, 0.6266,  0.58999,  3.82035,  2949.96,  72.40,   8029.21, 
    0.025, 0.7659, 0.6267,  0.58979,  3.82014,  2948.95,  72.73,   8027.55, 
    0.025, 0.7659, 0.6267,  0.58979,  3.82014,  2948.95,  72.73,   8027.55, 
    0.026, 0.7656, 0.6269,  0.58960,  3.81993,  2947.98,  73.05,   8025.95, 
    0.026, 0.7656, 0.6269,  0.58960,  3.81993,  2947.98,  73.05,   8025.95, 
    0.026, 0.7654, 0.6271,  0.58941,  3.81972,  2947.04,  73.38,   8024.39, 
    0.026, 0.7654, 0.6271,  0.58941,  3.81972,  2947.04,  73.38,   8024.39, 
    0.026, 0.7651, 0.6273,  0.58923,  3.81951,  2946.14,  73.70,   8022.87, 
    0.026, 0.7651, 0.6273,  0.58923,  3.81951,  2946.14,  73.70,   8022.87, 
    0.026, 0.7649, 0.6275,  0.58905,  3.81930,  2945.27,  74.03,   8021.40, 
    0.026, 0.7649, 0.6275,  0.58905,  3.81930,  2945.27,  74.03,   8021.40, 
    0.026, 0.7647, 0.6277,  0.58889,  3.81910,  2944.44,  74.35,   8019.98, 
    0.026, 0.7647, 0.6277,  0.58889,  3.81910,  2944.44,  74.35,   8019.98, 
    0.026, 0.7644, 0.6279,  0.58873,  3.81889,  2943.63,  74.68,   8018.59, 
    0.026, 0.7644, 0.6279,  0.58873,  3.81889,  2943.63,  74.68,   8018.59, 
    0.027, 0.7642, 0.6280,  0.58857,  3.81868,  2942.86,  75.00,   8017.25, 
    0.027, 0.7642, 0.6280,  0.58857,  3.81868,  2942.86,  75.00,   8017.25, 
    0.027, 0.7640, 0.6282,  0.58842,  3.81847,  2942.11,  75.33,   8015.94, 
    0.027, 0.7640, 0.6282,  0.58842,  3.81847,  2942.11,  75.33,   8015.94, 
    0.027, 0.7637, 0.6284,  0.58828,  3.81827,  2941.39,  75.65,   8014.67, 
    0.027, 0.7637, 0.6284,  0.58828,  3.81827,  2941.39,  75.65,   8014.67, 
    0.027, 0.7635, 0.6286,  0.58814,  3.81806,  2940.68,  75.98,   8013.42, 
    0.027, 0.7635, 0.6286,  0.58814,  3.81806,  2940.68,  75.98,   8013.42, 
    0.027, 0.7633, 0.6288,  0.58800,  3.81785,  2940.00,  76.30,   8012.21, 
    0.027, 0.7633, 0.6288,  0.58800,  3.81785,  2940.00,  76.30,   8012.21, 
    0.027, 0.7630, 0.6290,  0.58787,  3.81765,  2939.34,  76.63,   8011.01, 
    0.027, 0.7630, 0.6290,  0.58787,  3.81765,  2939.34,  76.63,   8011.01, 
    0.028, 0.7628, 0.6292,  0.58774,  3.81744,  2938.69,  76.95,   8009.84, 
    0.028, 0.7628, 0.6292,  0.58774,  3.81744,  2938.69,  76.95,   8009.84, 
    0.028, 0.7625, 0.6293,  0.58761,  3.81724,  2938.05,  77.28,   8008.67, 
    0.028, 0.7625, 0.6293,  0.58761,  3.81724,  2938.05,  77.28,   8008.67, 
    0.028, 0.7623, 0.6295,  0.58748,  3.81703,  2937.42,  77.60,   8007.52, 
    0.028, 0.7623, 0.6295,  0.58748,  3.81703,  2937.42,  77.60,   8007.52, 
    0.028, 0.7621, 0.6297,  0.58736,  3.81683,  2936.79,  77.93,   8006.36, 
    0.028, 0.7621, 0.6297,  0.58736,  3.81683,  2936.79,  77.93,   8006.36, 
    0.028, 0.7618, 0.6299,  0.58723,  3.81662,  2936.15,  78.25,   8005.20, 
    0.028, 0.7618, 0.6299,  0.58723,  3.81662,  2936.15,  78.25,   8005.20, 
    0.028, 0.7616, 0.6301,  0.58710,  3.81642,  2935.51,  78.58,   8004.02, 
    0.028, 0.7616, 0.6301,  0.58710,  3.81642,  2935.51,  78.58,   8004.02, 
    0.029, 0.7614, 0.6303,  0.58697,  3.81621,  2934.85,  78.90,   8002.81, 
    0.029, 0.7614, 0.6303,  0.58697,  3.81621,  2934.85,  78.90,   8002.81, 
    0.029, 0.7611, 0.6305,  0.58683,  3.81601,  2934.17,  79.23,   8001.56, 
    0.029, 0.7611, 0.6305,  0.58683,  3.81601,  2934.17,  79.23,   8001.56, 
    0.029, 0.7609, 0.6306,  0.58669,  3.81581,  2933.45,  79.55,   8000.27, 
    0.029, 0.7609, 0.6306,  0.58669,  3.81581,  2933.45,  79.55,   8000.27, 
    0.029, 0.7606, 0.6308,  0.58654,  3.81560,  2932.70,  79.88,   7998.91, 
    0.029, 0.7606, 0.6308,  0.58654,  3.81560,  2932.70,  79.88,   7998.91, 
    0.029, 0.7604, 0.6310,  0.58638,  3.81540,  2931.89,  80.20,   7997.46, 
    0.029, 0.7604, 0.6310,  0.58638,  3.81540,  2931.89,  80.20,   7997.46, 
    0.029, 0.7602, 0.6312,  0.58620,  3.81520,  2931.02,  80.52,   7995.92, 
    0.029, 0.7602, 0.6312,  0.58620,  3.81520,  2931.02,  80.52,   7995.92, 
    0.030, 0.7599, 0.6314,  0.58602,  3.81500,  2930.08,  80.85,   7994.26, 
    0.030, 0.7599, 0.6314,  0.58602,  3.81500,  2930.08,  80.85,   7994.26, 
    0.030, 0.7597, 0.6316,  0.58581,  3.81480,  2929.05,  81.17,   7992.46, 
    0.030, 0.7597, 0.6316,  0.58581,  3.81480,  2929.05,  81.17,   7992.46, 
    0.030, 0.7595, 0.6318,  0.58558,  3.81459,  2927.91,  81.50,   7990.49, 
    0.030, 0.7595, 0.6318,  0.58558,  3.81459,  2927.91,  81.50,   7990.49, 
    0.030, 0.7592, 0.6319,  0.58533,  3.81439,  2926.66,  81.82,   7988.33, 
    0.030, 0.7592, 0.6319,  0.58533,  3.81439,  2926.66,  81.82,   7988.33, 
    0.030, 0.7590, 0.6321,  0.58505,  3.81419,  2925.27,  82.14,   7985.97, 
    0.030, 0.7590, 0.6321,  0.58505,  3.81419,  2925.27,  82.14,   7985.97, 
    0.030, 0.7588, 0.6323,  0.58475,  3.81399,  2923.73,  82.47,   7983.36, 
    0.030, 0.7588, 0.6323,  0.58475,  3.81399,  2923.73,  82.47,   7983.36, 
    0.031, 0.7585, 0.6325,  0.58440,  3.81379,  2922.02,  82.79,   7980.49, 
    0.031, 0.7585, 0.6325,  0.58440,  3.81379,  2922.02,  82.79,   7980.49, 
    0.031, 0.7583, 0.6327,  0.58403,  3.81359,  2920.13,  83.11,   7977.34, 
    0.031, 0.7583, 0.6327,  0.58403,  3.81359,  2920.13,  83.11,   7977.34, 
    0.031, 0.7581, 0.6329,  0.58361,  3.81340,  2918.06,  83.44,   7973.89, 
    0.031, 0.7581, 0.6329,  0.58361,  3.81340,  2918.06,  83.44,   7973.89, 
    0.031, 0.7578, 0.6330,  0.58316,  3.81320,  2915.79,  83.76,   7970.14, 
    0.031, 0.7578, 0.6330,  0.58316,  3.81320,  2915.79,  83.76,   7970.14, 
    0.031, 0.7576, 0.6332,  0.58267,  3.81300,  2913.33,  84.08,   7966.08, 
    0.031, 0.7576, 0.6332,  0.58267,  3.81300,  2913.33,  84.08,   7966.08, 
    0.031, 0.7573, 0.6334,  0.58214,  3.81280,  2910.68,  84.41,   7961.73, 
    0.031, 0.7573, 0.6334,  0.58214,  3.81280,  2910.68,  84.41,   7961.73, 
    0.032, 0.7571, 0.6336,  0.58157,  3.81260,  2907.86,  84.73,   7957.10, 
    0.032, 0.7571, 0.6336,  0.58157,  3.81260,  2907.86,  84.73,   7957.10, 
    0.032, 0.7569, 0.6338,  0.58098,  3.81241,  2904.90,  85.05,   7952.25, 
    0.032, 0.7569, 0.6338,  0.58098,  3.81241,  2904.90,  85.05,   7952.25, 
    0.032, 0.7566, 0.6340,  0.58036,  3.81221,  2901.82,  85.37,   7947.23, 
    0.032, 0.7566, 0.6340,  0.58036,  3.81221,  2901.82,  85.37,   7947.23, 
    0.032, 0.7564, 0.6341,  0.57974,  3.81202,  2898.68,  85.70,   7942.09, 
    0.032, 0.7564, 0.6341,  0.57974,  3.81202,  2898.68,  85.70,   7942.09, 
    0.032, 0.7562, 0.6343,  0.57910,  3.81182,  2895.51,  86.02,   7936.92, 
    0.032, 0.7562, 0.6343,  0.57910,  3.81182,  2895.51,  86.02,   7936.92, 
    0.032, 0.7559, 0.6345,  0.57848,  3.81163,  2892.38,  86.34,   7931.80, 
    0.032, 0.7559, 0.6345,  0.57848,  3.81163,  2892.38,  86.34,   7931.80, 
    0.033, 0.7557, 0.6347,  0.57787,  3.81143,  2889.33,  86.66,   7926.82, 
    0.033, 0.7557, 0.6347,  0.57787,  3.81143,  2889.33,  86.66,   7926.82, 
    0.033, 0.7555, 0.6349,  0.57729,  3.81124,  2886.43,  86.98,   7922.07, 
    0.033, 0.7555, 0.6349,  0.57729,  3.81124,  2886.43,  86.98,   7922.07, 
    0.033, 0.7552, 0.6351,  0.57674,  3.81104,  2883.72,  87.30,   7917.64, 
    0.033, 0.7552, 0.6351,  0.57674,  3.81104,  2883.72,  87.30,   7917.64, 
    0.033, 0.7550, 0.6352,  0.57625,  3.81085,  2881.26,  87.62,   7913.61, 
    0.033, 0.7550, 0.6352,  0.57625,  3.81085,  2881.26,  87.62,   7913.61, 
    0.033, 0.7548, 0.6354,  0.57582,  3.81066,  2879.09,  87.95,   7910.04, 
    0.033, 0.7548, 0.6354,  0.57582,  3.81066,  2879.09,  87.95,   7910.04, 
    0.033, 0.7546, 0.6356,  0.57545,  3.81047,  2877.24,  88.27,   7906.99, 
    0.033, 0.7546, 0.6356,  0.57545,  3.81047,  2877.24,  88.27,   7906.99, 
    0.034, 0.7543, 0.6358,  0.57515,  3.81028,  2875.74,  88.59,   7904.51, 
    0.034, 0.7543, 0.6358,  0.57515,  3.81028,  2875.74,  88.59,   7904.51, 
    0.034, 0.7541, 0.6360,  0.57492,  3.81008,  2874.61,  88.91,   7902.64, 
    0.034, 0.7541, 0.6360,  0.57492,  3.81008,  2874.61,  88.91,   7902.64, 
    0.034, 0.7539, 0.6361,  0.57478,  3.80989,  2873.88,  89.23,   7901.41, 
    0.034, 0.7539, 0.6361,  0.57478,  3.80989,  2873.88,  89.23,   7901.41, 
    0.034, 0.7536, 0.6363,  0.57471,  3.80970,  2873.54,  89.55,   7900.81, 
    0.034, 0.7536, 0.6363,  0.57471,  3.80970,  2873.54,  89.55,   7900.81, 
    0.034, 0.7534, 0.6365,  0.57472,  3.80951,  2873.61,  89.87,   7900.88, 
    0.034, 0.7534, 0.6365,  0.57472,  3.80951,  2873.61,  89.87,   7900.88, 
    0.034, 0.7532, 0.6367,  0.57482,  3.80932,  2874.09,  90.19,   7901.60, 
    0.034, 0.7532, 0.6367,  0.57482,  3.80932,  2874.09,  90.19,   7901.60, 
    0.034, 0.7529, 0.6369,  0.57499,  3.80913,  2874.95,  90.51,   7902.95, 
    0.034, 0.7529, 0.6369,  0.57499,  3.80913,  2874.95,  90.51,   7902.95, 
    0.035, 0.7527, 0.6371,  0.57525,  3.80894,  2876.23,  90.83,   7904.97, 
    0.035, 0.7527, 0.6371,  0.57525,  3.80894,  2876.23,  90.83,   7904.97, 
    0.035, 0.7525, 0.6372,  0.57557,  3.80875,  2877.86,  91.15,   7907.56, 
    0.035, 0.7525, 0.6372,  0.57557,  3.80875,  2877.86,  91.15,   7907.56, 
    0.035, 0.7522, 0.6374,  0.57598,  3.80856,  2879.88,  91.47,   7910.79, 
    0.035, 0.7522, 0.6374,  0.57598,  3.80856,  2879.88,  91.47,   7910.79, 
    0.035, 0.7520, 0.6376,  0.57645,  3.80837,  2882.26,  91.79,   7914.57, 
    0.035, 0.7520, 0.6376,  0.57645,  3.80837,  2882.26,  91.79,   7914.57, 
    0.035, 0.7518, 0.6378,  0.57699,  3.80818,  2884.96,  92.11,   7918.87, 
    0.035, 0.7518, 0.6378,  0.57699,  3.80818,  2884.96,  92.11,   7918.87, 
    0.035, 0.7515, 0.6380,  0.57761,  3.80800,  2888.03,  92.43,   7923.75, 
    0.035, 0.7515, 0.6380,  0.57761,  3.80800,  2888.03,  92.43,   7923.75, 
    0.036, 0.7513, 0.6381,  0.57827,  3.80781,  2891.36,  92.76,   7929.06, 
    0.036, 0.7513, 0.6381,  0.57827,  3.80781,  2891.36,  92.76,   7929.06, 
    0.036, 0.7511, 0.6383,  0.57900,  3.80762,  2895.01,  93.08,   7934.86, 
    0.036, 0.7511, 0.6383,  0.57900,  3.80762,  2895.01,  93.08,   7934.86, 
    0.036, 0.7508, 0.6385,  0.57979,  3.80743,  2898.96,  93.40,   7941.12, 
    0.036, 0.7508, 0.6385,  0.57979,  3.80743,  2898.96,  93.40,   7941.12, 
    0.036, 0.7506, 0.6387,  0.58062,  3.80724,  2903.12,  93.72,   7947.71, 
    0.036, 0.7506, 0.6387,  0.58062,  3.80724,  2903.12,  93.72,   7947.71, 
    0.036, 0.7504, 0.6389,  0.58152,  3.80705,  2907.59,  94.04,   7954.77, 
    0.036, 0.7504, 0.6389,  0.58152,  3.80705,  2907.59,  94.04,   7954.77, 
    0.036, 0.7501, 0.6391,  0.58245,  3.80686,  2912.25,  94.37,   7962.12, 
    0.036, 0.7501, 0.6391,  0.58245,  3.80686,  2912.25,  94.37,   7962.12, 
    0.037, 0.7499, 0.6393,  0.58343,  3.80667,  2917.14,  94.69,   7969.81, 
    0.037, 0.7499, 0.6393,  0.58343,  3.80667,  2917.14,  94.69,   7969.81, 
    0.037, 0.7497, 0.6394,  0.58445,  3.80648,  2922.25,  95.01,   7977.83, 
    0.037, 0.7497, 0.6394,  0.58445,  3.80648,  2922.25,  95.01,   7977.83, 
    0.037, 0.7494, 0.6396,  0.58550,  3.80630,  2927.52,  95.34,   7986.06, 
    0.037, 0.7494, 0.6396,  0.58550,  3.80630,  2927.52,  95.34,   7986.06, 
    0.037, 0.7492, 0.6398,  0.58660,  3.80611,  2933.00,  95.66,   7994.63, 
    0.037, 0.7492, 0.6398,  0.58660,  3.80611,  2933.00,  95.66,   7994.63, 
    0.037, 0.7490, 0.6400,  0.58772,  3.80592,  2938.62,  95.99,   8003.36, 
    0.037, 0.7490, 0.6400,  0.58772,  3.80592,  2938.62,  95.99,   8003.36, 
    0.037, 0.7487, 0.6402,  0.58888,  3.80573,  2944.40,  96.31,   8012.32, 
    0.037, 0.7487, 0.6402,  0.58888,  3.80573,  2944.40,  96.31,   8012.32, 
    0.038, 0.7485, 0.6404,  0.59007,  3.80554,  2950.33,  96.64,   8021.50, 
    0.038, 0.7485, 0.6404,  0.59007,  3.80554,  2950.33,  96.64,   8021.50, 
    0.038, 0.7482, 0.6405,  0.59127,  3.80535,  2956.36,  96.96,   8030.78, 
    0.038, 0.7482, 0.6405,  0.59127,  3.80535,  2956.36,  96.96,   8030.78, 
    0.038, 0.7480, 0.6407,  0.59251,  3.80516,  2962.55,  97.29,   8040.28, 
    0.038, 0.7480, 0.6407,  0.59251,  3.80516,  2962.55,  97.29,   8040.28, 
    0.038, 0.7478, 0.6409,  0.59376,  3.80497,  2968.81,  97.61,   8049.86, 
    0.038, 0.7478, 0.6409,  0.59376,  3.80497,  2968.81,  97.61,   8049.86, 
    0.038, 0.7475, 0.6411,  0.59504,  3.80478,  2975.19,  97.94,   8059.58, 
    0.038, 0.7475, 0.6411,  0.59504,  3.80478,  2975.19,  97.94,   8059.58, 
    0.038, 0.7473, 0.6413,  0.59633,  3.80459,  2981.65,  98.27,   8069.39, 
    0.038, 0.7473, 0.6413,  0.59633,  3.80459,  2981.65,  98.27,   8069.39, 
    0.039, 0.7470, 0.6415,  0.59764,  3.80440,  2988.18,  98.60,   8079.27, 
    0.039, 0.7470, 0.6415,  0.59764,  3.80440,  2988.18,  98.60,   8079.27, 
    0.039, 0.7468, 0.6417,  0.59896,  3.80421,  2994.81,  98.92,   8089.25, 
    0.039, 0.7468, 0.6417,  0.59896,  3.80421,  2994.81,  98.92,   8089.25, 
    0.039, 0.7466, 0.6419,  0.60029,  3.80402,  3001.47,  99.25,   8099.24, 
    0.039, 0.7466, 0.6419,  0.60029,  3.80402,  3001.47,  99.25,   8099.24, 
    0.039, 0.7463, 0.6421,  0.60164,  3.80383,  3008.20,  99.58,   8109.31, 
    0.039, 0.7463, 0.6421,  0.60164,  3.80383,  3008.20,  99.58,   8109.31, 
    0.039, 0.7461, 0.6422,  0.60299,  3.80364,  3014.97,  99.91,   8119.38, 
    0.039, 0.7461, 0.6422,  0.60299,  3.80364,  3014.97,  99.91,   8119.38, 
    0.039, 0.7458, 0.6424,  0.60436,  3.80345,  3021.78, 100.24,   8129.48, 
    0.039, 0.7458, 0.6424,  0.60436,  3.80345,  3021.78, 100.24,   8129.48, 
    0.040, 0.7456, 0.6426,  0.60572,  3.80326,  3028.62, 100.57,   8139.57, 
    0.040, 0.7456, 0.6426,  0.60572,  3.80326,  3028.62, 100.57,   8139.57, 
    0.040, 0.7453, 0.6428,  0.60710,  3.80307,  3035.48, 100.90,   8149.67, 
    0.040, 0.7453, 0.6428,  0.60710,  3.80307,  3035.48, 100.90,   8149.67, 
    0.040, 0.7451, 0.6430,  0.60847,  3.80288,  3042.36, 101.23,   8159.74, 
    0.040, 0.7451, 0.6430,  0.60847,  3.80288,  3042.36, 101.23,   8159.74, 
    0.040, 0.7448, 0.6432,  0.60985,  3.80269,  3049.25, 101.56,   8169.79, 
    0.040, 0.7448, 0.6432,  0.60985,  3.80269,  3049.25, 101.56,   8169.79, 
    0.040, 0.7446, 0.6434,  0.61123,  3.80250,  3056.15, 101.89,   8179.81, 
    0.040, 0.7446, 0.6434,  0.61123,  3.80250,  3056.15, 101.89,   8179.81, 
    0.040, 0.7444, 0.6436,  0.61261,  3.80231,  3063.05, 102.23,   8189.78, 
    0.040, 0.7444, 0.6436,  0.61261,  3.80231,  3063.05, 102.23,   8189.78, 
    0.041, 0.7441, 0.6438,  0.61399,  3.80212,  3069.93, 102.56,   8199.71, 
    0.041, 0.7441, 0.6438,  0.61399,  3.80212,  3069.93, 102.56,   8199.71, 
    0.041, 0.7439, 0.6440,  0.61536,  3.80192,  3076.81, 102.89,   8209.57, 
    0.041, 0.7439, 0.6440,  0.61536,  3.80192,  3076.81, 102.89,   8209.57, 
    0.041, 0.7436, 0.6442,  0.61673,  3.80173,  3083.66, 103.23,   8219.37, 
    0.041, 0.7436, 0.6442,  0.61673,  3.80173,  3083.66, 103.23,   8219.37, 
    0.041, 0.7434, 0.6444,  0.61810,  3.80154,  3090.49, 103.56,   8229.09, 
    0.041, 0.7434, 0.6444,  0.61810,  3.80154,  3090.49, 103.56,   8229.09, 
 mass is   0.49321840000000006     
 energy is   -6.8095574193612087     
 power is   -9924.8610160730514     
         184  this time step did not converge
 Salt concentration driven to zero.
 Consider changing vcut or the current density.
  
 dV/dt at point of failure is (V/s)  0.68279863169082089     
 Moving on to next leg if not the last
  
 comp 7 not converged

            mass  =  0.4932 kg/m2
 specific energy segment =    -6.81 W-h/kg
 specific power segment  = -9924.55 W/kg
 total heat =          5.3815 W-h/m2
  
