  
Distance   C Elec    C Sol Surf  Liq Pot    Solid Pot  Liq Cur   j main     j side 1    j side 2    j side 3
(microns)    (mol/m3)   x or y     (V)         (V)     (A/m2)     (A/m2)       (A/m2)      (A/m2)      (A/m2)
 t =       3.000000E-03 min  temp =    30.24551 deg C
  -0.0,     1057.33,   0.7053,  0.780    ,    1.355,  25.24    ,  130.8    ,  0.000    ,  0.000    ,  0.000    
  24.0,     1059.76,   0.7014,  0.763    ,    1.354,  537.7    ,  136.2    ,  0.000    ,  0.000    ,  0.000    
  48.0,     1067.54,   0.6886,  0.709    ,    1.353,  1097.    ,  153.8    ,  0.000    ,  0.000    ,  0.000    
  72.0,     1081.40,   0.6657,  0.614    ,    1.353,  1752.    ,  185.2    ,  0.000    ,  0.000    ,  0.000    
  96.0,     1049.07,   0.6306,  0.469    ,    1.353,  2518.    ,  233.6    ,  0.000    ,  0.000    ,  0.000    
 102.2,     1012.11,   0.0000,  0.422    ,    0.000,  2518.    ,  0.000    ,  0.000    ,  0.000    ,  0.000    
 108.5,      995.66,   0.0000,  0.376    ,    0.000,  2518.    ,  0.000    ,  0.000    ,  0.000    ,  0.000    
 114.7,      967.23,   0.0000,  0.329    ,    0.000,  2518.    ,  0.000    ,  0.000    ,  0.000    ,  0.000    
 121.0,      892.34,   0.7852,  0.280    ,    4.159,  2478.    , -329.6    ,  0.000    ,  0.000    ,  0.000    
 128.5,      855.00,   0.6859,  0.219    ,    4.150,  1982.    , -148.1    ,  0.000    ,  0.000    ,  0.000    
 136.0,      893.72,   0.6546,  0.171    ,    4.131,  1700.    , -98.98    ,  0.000    ,  0.000    ,  0.000    
 143.5,      923.65,   0.6414,  0.130    ,    4.104,  1491.    , -79.98    ,  0.000    ,  0.000    ,  0.000    
 151.0,      932.81,   0.6379,  0.936E-01,    4.071,  1307.    , -75.91    ,  0.000    ,  0.000    ,  0.000    
 158.5,      922.42,   0.6427,  0.613E-01,    4.033,  1116.    , -84.60    ,  0.000    ,  0.000    ,  0.000    
 166.0,      888.41,   0.6576,  0.334E-01,    3.989,  883.7    , -109.3    ,  0.000    ,  0.000    ,  0.000    
 173.5,      825.70,   0.6907,  0.111E-01,    3.937,  555.9    , -166.3    ,  0.000    ,  0.000    ,  0.000    
 181.0,      771.42,   0.7884,   0.00    ,    3.873,  0.000    , -359.6    ,  0.000    ,  0.000    ,  0.000    
  
  
  
Distance   C Elec    C Sol Surf  Liq Pot    Solid Pot  Liq Cur   j main     j side 1    j side 2    j side 3
(microns)    (mol/m3)   x or y     (V)         (V)     (A/m2)     (A/m2)       (A/m2)      (A/m2)      (A/m2)
 t =       6.333333E-03 min  temp =    36.29093 deg C
  -0.0,     1125.44,   0.6536,  0.677    ,    1.182,  26.88    ,  139.3    ,  0.000    ,  0.000    ,  0.000    
  24.0,     1130.72,   0.6476,  0.663    ,    1.181,  572.4    ,  144.9    ,  0.000    ,  0.000    ,  0.000    
  48.0,     1147.55,   0.6281,  0.620    ,    1.180,  1166.    ,  163.2    ,  0.000    ,  0.000    ,  0.000    
  72.0,     1175.74,   0.5933,  0.543    ,    1.179,  1860.    ,  195.8    ,  0.000    ,  0.000    ,  0.000    
  96.0,     1099.08,   0.5398,  0.424    ,    1.179,  2668.    ,  245.6    ,  0.000    ,  0.000    ,  0.000    
 102.2,     1031.89,   0.0000,  0.385    ,    0.000,  2668.    ,  0.000    ,  0.000    ,  0.000    ,  0.000    
 108.5,      977.77,   0.0000,  0.346    ,    0.000,  2668.    ,  0.000    ,  0.000    ,  0.000    ,  0.000    
 114.7,      912.35,   0.0000,  0.305    ,    0.000,  2668.    ,  0.000    ,  0.000    ,  0.000    ,  0.000    
 121.0,      819.14,   0.8689,  0.263    ,    4.136,  2630.    , -319.9    ,  0.000    ,  0.000    ,  0.000    
 128.5,      761.33,   0.7190,  0.209    ,    4.127,  2153.    , -137.4    ,  0.000    ,  0.000    ,  0.000    
 136.0,      782.77,   0.6793,  0.166    ,    4.109,  1889.    , -95.24    ,  0.000    ,  0.000    ,  0.000    
 143.5,      811.62,   0.6650,  0.129    ,    4.083,  1680.    , -82.82    ,  0.000    ,  0.000    ,  0.000    
 151.0,      818.92,   0.6627,  0.956E-01,    4.051,  1482.    , -83.10    ,  0.000    ,  0.000    ,  0.000    
 158.5,      792.40,   0.6706,  0.651E-01,    4.014,  1271.    , -93.67    ,  0.000    ,  0.000    ,  0.000    
 166.0,      727.24,   0.6917,  0.372E-01,    3.970,  1016.    , -119.3    ,  0.000    ,  0.000    ,  0.000    
 173.5,      632.38,   0.7433,  0.129E-01,    3.917,  654.8    , -187.1    ,  0.000    ,  0.000    ,  0.000    
 181.0,      567.16,   0.9087,   0.00    ,    3.850,  0.000    , -390.0    ,  0.000    ,  0.000    ,  0.000    
  
  
  
Distance   C Elec    C Sol Surf  Liq Pot    Solid Pot  Liq Cur   j main     j side 1    j side 2    j side 3
(microns)    (mol/m3)   x or y     (V)         (V)     (A/m2)     (A/m2)       (A/m2)      (A/m2)      (A/m2)
 t =       9.666667E-03 min  temp =    42.52951 deg C
  -0.0,     1198.48,   0.6100,  0.592    ,    1.039,  28.57    ,  148.0    ,  0.000    ,  0.000    ,  0.000    
  24.0,     1206.74,   0.6024,  0.580    ,    1.037,  607.7    ,  153.7    ,  0.000    ,  0.000    ,  0.000    
  48.0,     1232.90,   0.5776,  0.545    ,    1.036,  1236.    ,  172.5    ,  0.000    ,  0.000    ,  0.000    
  72.0,     1269.02,   0.5338,  0.483    ,    1.036,  1967.    ,  204.7    ,  0.000    ,  0.000    ,  0.000    
  96.0,     1136.11,   0.4713,  0.384    ,    1.035,  2792.    ,  246.0    ,  0.000    ,  0.000    ,  0.000    
 102.2,     1042.79,   0.0000,  0.351    ,    0.000,  2792.    ,  0.000    ,  0.000    ,  0.000    ,  0.000    
 108.5,      958.16,   0.0000,  0.318    ,    0.000,  2792.    ,  0.000    ,  0.000    ,  0.000    ,  0.000    
 114.7,      869.27,   0.0000,  0.284    ,    0.000,  2792.    ,  0.000    ,  0.000    ,  0.000    ,  0.000    
 121.0,      768.99,   0.9129,  0.247    ,    4.121,  2759.    , -268.3    ,  0.000    ,  0.000    ,  0.000    
 128.5,      694.03,   0.7433,  0.201    ,    4.113,  2293.    , -134.0    ,  0.000    ,  0.000    ,  0.000    
 136.0,      687.52,   0.6979,  0.162    ,    4.095,  2033.    , -95.33    ,  0.000    ,  0.000    ,  0.000    
 143.5,      691.65,   0.6836,  0.128    ,    4.070,  1819.    , -86.21    ,  0.000    ,  0.000    ,  0.000    
 151.0,      677.37,   0.6832,  0.969E-01,    4.039,  1609.    , -89.27    ,  0.000    ,  0.000    ,  0.000    
 158.5,      628.44,   0.6946,  0.672E-01,    4.001,  1379.    , -102.8    ,  0.000    ,  0.000    ,  0.000    
 166.0,      543.37,   0.7232,  0.384E-01,    3.956,  1096.    , -134.4    ,  0.000    ,  0.000    ,  0.000    
 173.5,      443.67,   0.8000,  0.122E-01,    3.901,  671.2    , -229.0    ,  0.000    ,  0.000    ,  0.000    
 181.0,      395.77,   0.9336,   0.00    ,    3.830,  0.000    , -263.5    ,  0.000    ,  0.000    ,  0.000    
  
  
  
Distance   C Elec    C Sol Surf  Liq Pot    Solid Pot  Liq Cur   j main     j side 1    j side 2    j side 3
(microns)    (mol/m3)   x or y     (V)         (V)     (A/m2)     (A/m2)       (A/m2)      (A/m2)      (A/m2)
 t =       1.300000E-02 min  temp =    48.90813 deg C
  -0.0,     1277.17,   0.5689,  0.526    ,    0.927,  30.43    ,  157.7    ,  0.000    ,  0.000    ,  0.000    
  24.0,     1288.49,   0.5601,  0.517    ,    0.926,  646.4    ,  163.1    ,  0.000    ,  0.000    ,  0.000    
  48.0,     1323.01,   0.5314,  0.488    ,    0.925,  1310.    ,  180.5    ,  0.000    ,  0.000    ,  0.000    
  72.0,     1353.49,   0.4851,  0.437    ,    0.924,  2054.    ,  203.7    ,  0.000    ,  0.000    ,  0.000    
  96.0,     1158.16,   0.4116,  0.355    ,    0.924,  2883.    ,  252.6    ,  0.000    ,  0.000    ,  0.000    
 102.2,     1046.11,   0.0000,  0.327    ,    0.000,  2883.    ,  0.000    ,  0.000    ,  0.000    ,  0.000    
 108.5,      941.80,   0.0000,  0.299    ,    0.000,  2883.    ,  0.000    ,  0.000    ,  0.000    ,  0.000    
 114.7,      838.43,   0.0000,  0.270    ,    0.000,  2883.    ,  0.000    ,  0.000    ,  0.000    ,  0.000    
 121.0,      731.90,   0.9235,  0.239    ,    4.114,  2857.    , -210.2    ,  0.000    ,  0.000    ,  0.000    
 128.5,      634.67,   0.7668,  0.198    ,    4.107,  2391.    , -140.0    ,  0.000    ,  0.000    ,  0.000    
 136.0,      593.73,   0.7160,  0.163    ,    4.088,  2118.    , -100.9    ,  0.000    ,  0.000    ,  0.000    
 143.5,      561.69,   0.7017,  0.131    ,    4.063,  1889.    , -93.07    ,  0.000    ,  0.000    ,  0.000    
 151.0,      516.07,   0.7033,  0.100    ,    4.031,  1662.    , -97.59    ,  0.000    ,  0.000    ,  0.000    
 158.5,      447.14,   0.7186,  0.693E-01,    3.992,  1409.    , -113.7    ,  0.000    ,  0.000    ,  0.000    
 166.0,      360.08,   0.7571,  0.382E-01,    3.945,  1090.    , -154.1    ,  0.000    ,  0.000    ,  0.000    
 173.5,      280.37,   0.8664,  0.105E-01,    3.886,  583.9    , -274.8    ,  0.000    ,  0.000    ,  0.000    
 181.0,      254.06,   0.9391,   0.00    ,    3.810,  0.000    , -211.3    ,  0.000    ,  0.000    ,  0.000    
  
  
  
Distance   C Elec    C Sol Surf  Liq Pot    Solid Pot  Liq Cur   j main     j side 1    j side 2    j side 3
(microns)    (mol/m3)   x or y     (V)         (V)     (A/m2)     (A/m2)       (A/m2)      (A/m2)      (A/m2)
 t =       1.633333E-02 min  temp =    55.38084 deg C
  -0.0,     1361.96,   0.5291,  0.485    ,    0.853,  32.09    ,  166.3    ,  0.000    ,  0.000    ,  0.000    
  24.0,     1375.72,   0.5203,  0.478    ,    0.851,  678.5    ,  169.7    ,  0.000    ,  0.000    ,  0.000    
  48.0,     1413.09,   0.4925,  0.454    ,    0.850,  1353.    ,  179.6    ,  0.000    ,  0.000    ,  0.000    
  72.0,     1423.47,   0.4432,  0.413    ,    0.850,  2092.    ,  205.6    ,  0.000    ,  0.000    ,  0.000    
  96.0,     1167.95,   0.3546,  0.345    ,    0.849,  2943.    ,  261.3    ,  0.000    ,  0.000    ,  0.000    
 102.2,     1042.88,   0.0000,  0.322    ,    0.000,  2943.    ,  0.000    ,  0.000    ,  0.000    ,  0.000    
 108.5,      924.74,   0.0000,  0.298    ,    0.000,  2943.    ,  0.000    ,  0.000    ,  0.000    ,  0.000    
 114.7,      809.03,   0.0000,  0.273    ,    0.000,  2943.    ,  0.000    ,  0.000    ,  0.000    ,  0.000    
 121.0,      692.41,   0.9278,  0.246    ,    4.120,  2922.    , -179.3    ,  0.000    ,  0.000    ,  0.000    
 128.5,      567.37,   0.7958,  0.209    ,    4.113,  2441.    , -160.1    ,  0.000    ,  0.000    ,  0.000    
 136.0,      490.74,   0.7366,  0.175    ,    4.094,  2134.    , -112.6    ,  0.000    ,  0.000    ,  0.000    
 143.5,      424.72,   0.7216,  0.143    ,    4.067,  1878.    , -104.0    ,  0.000    ,  0.000    ,  0.000    
 151.0,      355.27,   0.7246,  0.111    ,    4.032,  1624.    , -108.7    ,  0.000    ,  0.000    ,  0.000    
 158.5,      279.59,   0.7435,  0.767E-01,    3.990,  1344.    , -125.7    ,  0.000    ,  0.000    ,  0.000    
 166.0,      204.75,   0.7919,  0.413E-01,    3.939,  992.4    , -169.5    ,  0.000    ,  0.000    ,  0.000    
 173.5,      150.18,   0.9135,  0.107E-01,    3.875,  464.5    , -249.5    ,  0.000    ,  0.000    ,  0.000    
 181.0,      134.86,   0.9413,   0.00    ,    3.796,  0.000    , -179.8    ,  0.000    ,  0.000    ,  0.000    
  
  
  
Distance   C Elec    C Sol Surf  Liq Pot    Solid Pot  Liq Cur   j main     j side 1    j side 2    j side 3
(microns)    (mol/m3)   x or y     (V)         (V)     (A/m2)     (A/m2)       (A/m2)      (A/m2)      (A/m2)
 t =       1.966667E-02 min  temp =    61.90713 deg C
  -0.0,     1450.58,   0.4947,  0.481    ,    0.823,  32.10    ,  166.3    ,  0.000    ,  0.000    ,  0.000    
  24.0,     1464.70,   0.4870,  0.475    ,    0.821,  675.7    ,  167.9    ,  0.000    ,  0.000    ,  0.000    
  48.0,     1498.52,   0.4594,  0.456    ,    0.820,  1342.    ,  179.1    ,  0.000    ,  0.000    ,  0.000    
  72.0,     1478.18,   0.4018,  0.423    ,    0.820,  2094.    ,  211.2    ,  0.000    ,  0.000    ,  0.000    
  96.0,     1164.03,   0.2986,  0.366    ,    0.820,  2974.    ,  271.4    ,  0.000    ,  0.000    ,  0.000    
 102.2,     1027.74,   0.0000,  0.346    ,    0.000,  2974.    ,  0.000    ,  0.000    ,  0.000    ,  0.000    
 108.5,      896.72,   0.0000,  0.326    ,    0.000,  2974.    ,  0.000    ,  0.000    ,  0.000    ,  0.000    
 114.7,      767.76,   0.0000,  0.304    ,    0.000,  2974.    ,  0.000    ,  0.000    ,  0.000    ,  0.000    
 121.0,      638.55,   0.9311,  0.280    ,    4.149,  2954.    , -160.6    ,  0.000    ,  0.000    ,  0.000    
 128.5,      486.29,   0.8384,  0.244    ,    4.143,  2453.    , -204.7    ,  0.000    ,  0.000    ,  0.000    
 136.0,      381.84,   0.7629,  0.211    ,    4.122,  2077.    , -134.2    ,  0.000    ,  0.000    ,  0.000    
 143.5,      295.43,   0.7456,  0.177    ,    4.092,  1775.    , -121.9    ,  0.000    ,  0.000    ,  0.000    
 151.0,      217.61,   0.7492,  0.140    ,    4.053,  1480.    , -125.6    ,  0.000    ,  0.000    ,  0.000    
 158.5,      147.92,   0.7696,  0.998E-01,    4.005,  1162.    , -138.5    ,  0.000    ,  0.000    ,  0.000    
 166.0,       90.86,   0.8187,  0.560E-01,    3.947,  801.1    , -162.3    ,  0.000    ,  0.000    ,  0.000    
 173.5,       54.68,   0.9182,  0.162E-01,    3.878,  371.5    , -179.2    ,  0.000    ,  0.000    ,  0.000    
 181.0,       43.77,   0.9403,   0.00    ,    3.796,  0.000    , -152.9    ,  0.000    ,  0.000    ,  0.000    
  
  
  
Distance   C Elec    C Sol Surf  Liq Pot    Solid Pot  Liq Cur   j main     j side 1    j side 2    j side 3
(microns)    (mol/m3)   x or y     (V)         (V)     (A/m2)     (A/m2)       (A/m2)      (A/m2)      (A/m2)
 t =       2.216667E-02 min  temp =    66.52984 deg C
  -0.0,     1516.75,   0.4737,  0.518    ,    0.842,  31.43    ,  162.9    ,  0.000    ,  0.000    ,  0.000    
  24.0,     1530.45,   0.4661,  0.513    ,    0.840,  662.3    ,  165.2    ,  0.000    ,  0.000    ,  0.000    
  48.0,     1558.32,   0.4360,  0.497    ,    0.839,  1325.    ,  179.4    ,  0.000    ,  0.000    ,  0.000    
  72.0,     1507.04,   0.3724,  0.468    ,    0.839,  2081.    ,  213.1    ,  0.000    ,  0.000    ,  0.000    
  96.0,     1148.03,   0.2600,  0.418    ,    0.838,  2973.    ,  271.9    ,  0.000    ,  0.000    ,  0.000    
 102.2,     1003.60,   0.0000,  0.400    ,    0.000,  2973.    ,  0.000    ,  0.000    ,  0.000    ,  0.000    
 108.5,      863.41,   0.0000,  0.381    ,    0.000,  2973.    ,  0.000    ,  0.000    ,  0.000    ,  0.000    
 114.7,      725.47,   0.0000,  0.361    ,    0.000,  2973.    ,  0.000    ,  0.000    ,  0.000    ,  0.000    
 121.0,      588.51,   0.9338,  0.338    ,    4.201,  2955.    , -151.1    ,  0.000    ,  0.000    ,  0.000    
 128.5,      421.25,   0.8867,  0.303    ,    4.195,  2461.    , -261.0    ,  0.000    ,  0.000    ,  0.000    
 136.0,      303.29,   0.7906,  0.268    ,    4.173,  1983.    , -165.0    ,  0.000    ,  0.000    ,  0.000    
 143.5,      211.30,   0.7697,  0.231    ,    4.139,  1618.    , -146.7    ,  0.000    ,  0.000    ,  0.000    
 151.0,      135.84,   0.7735,  0.190    ,    4.095,  1264.    , -149.8    ,  0.000    ,  0.000    ,  0.000    
 158.5,       76.36,   0.7921,  0.143    ,    4.040,  895.2    , -155.6    ,  0.000    ,  0.000    ,  0.000    
 166.0,       34.97,   0.8295,  0.902E-01,    3.974,  527.1    , -147.7    ,  0.000    ,  0.000    ,  0.000    
 173.5,       12.50,   0.9008,  0.349E-01,    3.898,  217.7    , -109.0    ,  0.000    ,  0.000    ,  0.000    
 181.0,        5.64,   0.9272,   0.00    ,    3.815,  0.000    , -95.00    ,  0.000    ,  0.000    ,  0.000    
  
  
  
Distance   C Elec    C Sol Surf  Liq Pot    Solid Pot  Liq Cur   j main     j side 1    j side 2    j side 3
(microns)    (mol/m3)   x or y     (V)         (V)     (A/m2)     (A/m2)       (A/m2)      (A/m2)      (A/m2)
 t =       2.383333E-02 min  temp =    69.79542 deg C
  -0.0,     1560.40,   0.4613,  0.539    ,    0.852,  31.02    ,  160.8    ,  0.000    ,  0.000    ,  0.000    
  24.0,     1573.49,   0.4535,  0.534    ,    0.850,  654.3    ,  163.5    ,  0.000    ,  0.000    ,  0.000    
  48.0,     1594.90,   0.4214,  0.520    ,    0.849,  1313.    ,  178.7    ,  0.000    ,  0.000    ,  0.000    
  72.0,     1518.91,   0.3540,  0.494    ,    0.849,  2068.    ,  213.5    ,  0.000    ,  0.000    ,  0.000    
  96.0,     1129.34,   0.2389,  0.447    ,    0.849,  2959.    ,  265.7    ,  0.000    ,  0.000    ,  0.000    
 102.2,      980.20,   0.0000,  0.430    ,    0.000,  2959.    ,  0.000    ,  0.000    ,  0.000    ,  0.000    
 108.5,      835.04,   0.0000,  0.413    ,    0.000,  2959.    ,  0.000    ,  0.000    ,  0.000    ,  0.000    
 114.7,      692.62,   0.0000,  0.393    ,    0.000,  2959.    ,  0.000    ,  0.000    ,  0.000    ,  0.000    
 121.0,      552.29,   0.9358,  0.371    ,    4.227,  2942.    , -146.6    ,  0.000    ,  0.000    ,  0.000    
 128.5,      378.69,   0.9161,  0.336    ,    4.221,  2481.    , -256.9    ,  0.000    ,  0.000    ,  0.000    
 136.0,      253.90,   0.8173,  0.299    ,    4.199,  1897.    , -200.9    ,  0.000    ,  0.000    ,  0.000    
 143.5,      161.81,   0.7916,  0.259    ,    4.162,  1463.    , -172.3    ,  0.000    ,  0.000    ,  0.000    
 151.0,       91.58,   0.7946,  0.214    ,    4.112,  1052.    , -171.4    ,  0.000    ,  0.000    ,  0.000    
 158.5,       42.22,   0.8093,  0.162    ,    4.051,  644.2    , -165.2    ,  0.000    ,  0.000    ,  0.000    
 166.0,       13.98,   0.8324,  0.103    ,    3.978,  287.3    , -128.4    ,  0.000    ,  0.000    ,  0.000    
 173.5,        3.18,   0.8773,  0.402E-01,    3.897,  73.69    , -55.31    ,  0.000    ,  0.000    ,  0.000    
 181.0,        1.08,   0.8947,   0.00    ,    3.811,  0.000    , -23.13    ,  0.000    ,  0.000    ,  0.000    
  
  
  
Distance   C Elec    C Sol Surf  Liq Pot    Solid Pot  Liq Cur   j main     j side 1    j side 2    j side 3
(microns)    (mol/m3)   x or y     (V)         (V)     (A/m2)     (A/m2)       (A/m2)      (A/m2)      (A/m2)
 t =       2.550000E-02 min  temp =    73.05309 deg C
  -0.0,     1603.77,   0.4495,  0.547    ,    0.850,  30.79    ,  159.5    ,  0.000    ,  0.000    ,  0.000    
  24.0,     1615.64,   0.4413,  0.543    ,    0.849,  649.4    ,  162.5    ,  0.000    ,  0.000    ,  0.000    
  48.0,     1628.00,   0.4075,  0.530    ,    0.848,  1305.    ,  178.3    ,  0.000    ,  0.000    ,  0.000    
  72.0,     1523.96,   0.3361,  0.506    ,    0.847,  2061.    ,  214.7    ,  0.000    ,  0.000    ,  0.000    
  96.0,     1103.91,   0.2219,  0.461    ,    0.847,  2948.    ,  256.9    ,  0.000    ,  0.000    ,  0.000    
 102.2,      951.11,   0.0000,  0.446    ,    0.000,  2948.    ,  0.000    ,  0.000    ,  0.000    ,  0.000    
 108.5,      802.42,   0.0000,  0.429    ,    0.000,  2948.    ,  0.000    ,  0.000    ,  0.000    ,  0.000    
 114.7,      657.32,   0.0000,  0.410    ,    0.000,  2948.    ,  0.000    ,  0.000    ,  0.000    ,  0.000    
 121.0,      515.68,   0.9380,  0.388    ,    4.233,  2931.    , -142.9    ,  0.000    ,  0.000    ,  0.000    
 128.5,      339.96,   0.9272,  0.353    ,    4.228,  2502.    , -222.9    ,  0.000    ,  0.000    ,  0.000    
 136.0,      210.58,   0.8543,  0.313    ,    4.206,  1842.    , -254.2    ,  0.000    ,  0.000    ,  0.000    
 143.5,      121.78,   0.8175,  0.270    ,    4.167,  1320.    , -199.4    ,  0.000    ,  0.000    ,  0.000    
 151.0,       60.20,   0.8161,  0.221    ,    4.113,  861.2    , -185.0    ,  0.000    ,  0.000    ,  0.000    
 158.5,       22.45,   0.8220,  0.164    ,    4.046,  445.1    , -159.1    ,  0.000    ,  0.000    ,  0.000    
 166.0,        5.43,   0.8256,  0.993E-01,    3.968,  142.2    , -92.05    ,  0.000    ,  0.000    ,  0.000    
 173.5,        1.02,   0.8518,  0.352E-01,    3.884,  24.70    , -21.70    ,  0.000    ,  0.000    ,  0.000    
 181.0,        0.39,   0.8693,   0.00    ,    3.798,  0.000    , -6.998    ,  0.000    ,  0.000    ,  0.000    
  
  
  
Distance   C Elec    C Sol Surf  Liq Pot    Solid Pot  Liq Cur   j main     j side 1    j side 2    j side 3
(microns)    (mol/m3)   x or y     (V)         (V)     (A/m2)     (A/m2)       (A/m2)      (A/m2)      (A/m2)
 t =       2.716667E-02 min  temp =    76.30442 deg C
  -0.0,     1646.88,   0.4379,  0.550    ,    0.845,  30.69    ,  159.0    ,  0.000    ,  0.000    ,  0.000    
  24.0,     1656.65,   0.4295,  0.546    ,    0.844,  647.3    ,  162.1    ,  0.000    ,  0.000    ,  0.000    
  48.0,     1656.98,   0.3940,  0.535    ,    0.842,  1302.    ,  178.3    ,  0.000    ,  0.000    ,  0.000    
  72.0,     1521.46,   0.3181,  0.512    ,    0.842,  2063.    ,  217.2    ,  0.000    ,  0.000    ,  0.000    
  96.0,     1072.46,   0.2080,  0.470    ,    0.842,  2940.    ,  247.3    ,  0.000    ,  0.000    ,  0.000    
 102.2,      917.69,   0.0000,  0.455    ,    0.000,  2940.    ,  0.000    ,  0.000    ,  0.000    ,  0.000    
 108.5,      767.75,   0.0000,  0.439    ,    0.000,  2940.    ,  0.000    ,  0.000    ,  0.000    ,  0.000    
 114.7,      622.70,   0.0000,  0.420    ,    0.000,  2940.    ,  0.000    ,  0.000    ,  0.000    ,  0.000    
 121.0,      482.83,   0.9404,  0.399    ,    4.230,  2923.    , -139.6    ,  0.000    ,  0.000    ,  0.000    
 128.5,      309.98,   0.9334,  0.363    ,    4.224,  2518.    , -202.2    ,  0.000    ,  0.000    ,  0.000    
 136.0,      179.40,   0.9039,  0.321    ,    4.204,  1880.    , -316.6    ,  0.000    ,  0.000    ,  0.000    
 143.5,       93.94,   0.8484,  0.274    ,    4.164,  1231.    , -234.3    ,  0.000    ,  0.000    ,  0.000    
 151.0,       40.89,   0.8366,  0.221    ,    4.107,  724.2    , -194.9    ,  0.000    ,  0.000    ,  0.000    
 158.5,       12.57,   0.8294,  0.160    ,    4.037,  313.6    , -145.9    ,  0.000    ,  0.000    ,  0.000    
 166.0,        2.43,   0.8125,  0.923E-01,    3.956,  73.62    , -59.17    ,  0.000    ,  0.000    ,  0.000    
 173.5,        0.46,   0.8317,  0.305E-01,    3.871,  11.09    , -9.719    ,  0.000    ,  0.000    ,  0.000    
 181.0,        0.20,   0.8514,   0.00    ,    3.785,  0.000    , -3.198    ,  0.000    ,  0.000    ,  0.000    
  
  
  
Distance   C Elec    C Sol Surf  Liq Pot    Solid Pot  Liq Cur   j main     j side 1    j side 2    j side 3
(microns)    (mol/m3)   x or y     (V)         (V)     (A/m2)     (A/m2)       (A/m2)      (A/m2)      (A/m2)
 t =       2.883333E-02 min  temp =    79.55074 deg C
  -0.0,     1689.57,   0.4264,  0.552    ,    0.839,  30.68    ,  159.0    ,  0.000    ,  0.000    ,  0.000    
  24.0,     1696.14,   0.4178,  0.549    ,    0.838,  647.0    ,  162.0    ,  0.000    ,  0.000    ,  0.000    
  48.0,     1681.10,   0.3807,  0.538    ,    0.837,  1302.    ,  178.8    ,  0.000    ,  0.000    ,  0.000    
  72.0,     1510.87,   0.2996,  0.516    ,    0.836,  2071.    ,  220.5    ,  0.000    ,  0.000    ,  0.000    
  96.0,     1037.24,   0.1967,  0.476    ,    0.836,  2933.    ,  237.7    ,  0.000    ,  0.000    ,  0.000    
 102.2,      882.93,   0.0000,  0.461    ,    0.000,  2933.    ,  0.000    ,  0.000    ,  0.000    ,  0.000    
 108.5,      734.59,   0.0000,  0.446    ,    0.000,  2933.    ,  0.000    ,  0.000    ,  0.000    ,  0.000    
 114.7,      592.56,   0.0000,  0.428    ,    0.000,  2933.    ,  0.000    ,  0.000    ,  0.000    ,  0.000    
 121.0,      457.22,   0.9428,  0.407    ,    4.218,  2917.    , -137.0    ,  0.000    ,  0.000    ,  0.000    
 128.5,      290.86,   0.9382,  0.372    ,    4.213,  2528.    , -188.5    ,  0.000    ,  0.000    ,  0.000    
 136.0,      163.17,   0.9292,  0.330    ,    4.194,  1977.    , -266.7    ,  0.000    ,  0.000    ,  0.000    
 143.5,       77.25,   0.8917,  0.278    ,    4.157,  1243.    , -299.5    ,  0.000    ,  0.000    ,  0.000    
 151.0,       29.49,   0.8591,  0.220    ,    4.099,  644.5    , -213.7    ,  0.000    ,  0.000    ,  0.000    
 158.5,        7.61,   0.8334,  0.155    ,    4.026,  231.6    , -133.4    ,  0.000    ,  0.000    ,  0.000    
 166.0,        1.30,   0.7987,  0.856E-01,    3.944,  42.97    , -37.95    ,  0.000    ,  0.000    ,  0.000    
 173.5,        0.27,   0.8166,  0.272E-01,    3.859,  6.428    , -5.439    ,  0.000    ,  0.000    ,  0.000    
 181.0,        0.13,   0.8377,   0.00    ,    3.773,  0.000    , -1.914    ,  0.000    ,  0.000    ,  0.000    
  
  
  
Distance   C Elec    C Sol Surf  Liq Pot    Solid Pot  Liq Cur   j main     j side 1    j side 2    j side 3
(microns)    (mol/m3)   x or y     (V)         (V)     (A/m2)     (A/m2)       (A/m2)      (A/m2)      (A/m2)
 t =       3.050000E-02 min  temp =    82.79100 deg C
  -0.0,     1731.43,   0.4152,  0.554    ,    0.835,  30.67    ,  158.9    ,  0.000    ,  0.000    ,  0.000    
  24.0,     1733.49,   0.4064,  0.551    ,    0.833,  646.5    ,  161.9    ,  0.000    ,  0.000    ,  0.000    
  48.0,     1699.47,   0.3673,  0.541    ,    0.832,  1303.    ,  179.7    ,  0.000    ,  0.000    ,  0.000    
  72.0,     1492.24,   0.2812,  0.519    ,    0.832,  2081.    ,  222.7    ,  0.000    ,  0.000    ,  0.000    
  96.0,     1001.35,   0.1875,  0.481    ,    0.831,  2922.    ,  228.2    ,  0.000    ,  0.000    ,  0.000    
 102.2,      850.07,   0.0000,  0.467    ,    0.000,  2922.    ,  0.000    ,  0.000    ,  0.000    ,  0.000    
 108.5,      705.84,   0.0000,  0.452    ,    0.000,  2922.    ,  0.000    ,  0.000    ,  0.000    ,  0.000    
 114.7,      568.99,   0.0000,  0.435    ,    0.000,  2922.    ,  0.000    ,  0.000    ,  0.000    ,  0.000    
 121.0,      439.80,   0.9457,  0.416    ,    4.196,  2906.    , -135.8    ,  0.000    ,  0.000    ,  0.000    
 128.5,      281.62,   0.9427,  0.382    ,    4.191,  2527.    , -179.8    ,  0.000    ,  0.000    ,  0.000    
 136.0,      159.12,   0.9386,  0.341    ,    4.173,  2024.    , -233.6    ,  0.000    ,  0.000    ,  0.000    
 143.5,       72.71,   0.9310,  0.288    ,    4.139,  1390.    , -289.7    ,  0.000    ,  0.000    ,  0.000    
 151.0,       23.33,   0.8963,  0.223    ,    4.084,  654.2    , -283.0    ,  0.000    ,  0.000    ,  0.000    
 158.5,        4.79,   0.8371,  0.151    ,    4.010,  177.9    , -129.3    ,  0.000    ,  0.000    ,  0.000    
 166.0,        0.75,   0.7861,  0.791E-01,    3.927,  26.63    , -24.43    ,  0.000    ,  0.000    ,  0.000    
 173.5,        0.17,   0.8045,  0.244E-01,    3.842,  4.155    , -3.374    ,  0.000    ,  0.000    ,  0.000    
 181.0,        0.09,   0.8265,   0.00    ,    3.757,  0.000    , -1.278    ,  0.000    ,  0.000    ,  0.000    
  
  
  
Distance   C Elec    C Sol Surf  Liq Pot    Solid Pot  Liq Cur   j main     j side 1    j side 2    j side 3
(microns)    (mol/m3)   x or y     (V)         (V)     (A/m2)     (A/m2)       (A/m2)      (A/m2)      (A/m2)
 t =       3.216667E-02 min  temp =    86.01816 deg C
  -0.0,     1771.73,   0.4044,  0.555    ,    0.830,  30.52    ,  158.2    ,  0.000    ,  0.000    ,  0.000    
  24.0,     1767.81,   0.3955,  0.552    ,    0.828,  643.3    ,  161.2    ,  0.000    ,  0.000    ,  0.000    
  48.0,     1711.09,   0.3542,  0.542    ,    0.827,  1299.    ,  180.4    ,  0.000    ,  0.000    ,  0.000    
  72.0,     1466.55,   0.2644,  0.522    ,    0.827,  2083.    ,  221.5    ,  0.000    ,  0.000    ,  0.000    
  96.0,      967.44,   0.1803,  0.485    ,    0.826,  2896.    ,  218.4    ,  0.000    ,  0.000    ,  0.000    
 102.2,      821.20,   0.0000,  0.472    ,    0.000,  2896.    ,  0.000    ,  0.000    ,  0.000    ,  0.000    
 108.5,      682.72,   0.0000,  0.458    ,    0.000,  2896.    ,  0.000    ,  0.000    ,  0.000    ,  0.000    
 114.7,      552.23,   0.0000,  0.441    ,    0.000,  2896.    ,  0.000    ,  0.000    ,  0.000    ,  0.000    
 121.0,      429.81,   0.9492,  0.423    ,    4.151,  2879.    , -135.7    ,  0.000    ,  0.000    ,  0.000    
 128.5,      280.27,   0.9474,  0.392    ,    4.146,  2507.    , -173.6    ,  0.000    ,  0.000    ,  0.000    
 136.0,      163.63,   0.9454,  0.354    ,    4.129,  2035.    , -214.0    ,  0.000    ,  0.000    ,  0.000    
 143.5,       79.09,   0.9430,  0.305    ,    4.097,  1477.    , -246.2    ,  0.000    ,  0.000    ,  0.000    
 151.0,       25.70,   0.9376,  0.240    ,    4.047,  842.2    , -283.3    ,  0.000    ,  0.000    ,  0.000    
 158.5,        3.72,   0.8527,  0.153    ,    3.977,  174.1    , -175.0    ,  0.000    ,  0.000    ,  0.000    
 166.0,        0.50,   0.7755,  0.756E-01,    3.895,  18.84    , -18.24    ,  0.000    ,  0.000    ,  0.000    
 173.5,        0.12,   0.7946,  0.228E-01,    3.810,  2.952    , -2.349    ,  0.000    ,  0.000    ,  0.000    
 181.0,        0.07,   0.8171,   0.00    ,    3.725,  0.000    , -.9219    ,  0.000    ,  0.000    ,  0.000    
  
  
  
Distance   C Elec    C Sol Surf  Liq Pot    Solid Pot  Liq Cur   j main     j side 1    j side 2    j side 3
(microns)    (mol/m3)   x or y     (V)         (V)     (A/m2)     (A/m2)       (A/m2)      (A/m2)      (A/m2)
 t =       3.383333E-02 min  temp =    89.22718 deg C
  -0.0,     1809.55,   0.3941,  0.547    ,    0.816,  30.44    ,  157.8    ,  0.000    ,  0.000    ,  0.000    
  24.0,     1798.05,   0.3849,  0.544    ,    0.814,  641.7    ,  161.0    ,  0.000    ,  0.000    ,  0.000    
  48.0,     1715.28,   0.3409,  0.534    ,    0.813,  1300.    ,  182.4    ,  0.000    ,  0.000    ,  0.000    
  72.0,     1435.73,   0.2499,  0.514    ,    0.813,  2090.    ,  217.7    ,  0.000    ,  0.000    ,  0.000    
  96.0,      937.22,   0.1745,  0.479    ,    0.813,  2874.    ,  209.8    ,  0.000    ,  0.000    ,  0.000    
 102.2,      797.33,   0.0000,  0.466    ,    0.000,  2874.    ,  0.000    ,  0.000    ,  0.000    ,  0.000    
 108.5,      665.59,   0.0000,  0.453    ,    0.000,  2874.    ,  0.000    ,  0.000    ,  0.000    ,  0.000    
 114.7,      542.09,   0.0000,  0.438    ,    0.000,  2874.    ,  0.000    ,  0.000    ,  0.000    ,  0.000    
 121.0,      426.79,   0.9519,  0.420    ,    4.096,  2858.    , -131.0    ,  0.000    ,  0.000    ,  0.000    
 128.5,      285.90,   0.9506,  0.391    ,    4.091,  2504.    , -163.5    ,  0.000    ,  0.000    ,  0.000    
 136.0,      174.93,   0.9495,  0.357    ,    4.075,  2068.    , -194.6    ,  0.000    ,  0.000    ,  0.000    
 143.5,       92.40,   0.9483,  0.314    ,    4.045,  1570.    , -215.8    ,  0.000    ,  0.000    ,  0.000    
 151.0,       36.57,   0.9467,  0.259    ,    3.999,  1030.    , -233.1    ,  0.000    ,  0.000    ,  0.000    
 158.5,        6.37,   0.9248,  0.174    ,    3.937,  367.9    , -370.0    ,  0.000    ,  0.000    ,  0.000    
 166.0,        0.63,   0.7710,  0.832E-01,    3.858,  27.94    , -30.98    ,  0.000    ,  0.000    ,  0.000    
 173.5,        0.13,   0.7866,  0.250E-01,    3.774,  3.737    , -3.144    ,  0.000    ,  0.000    ,  0.000    
 181.0,        0.07,   0.8091,   0.00    ,    3.690,  0.000    , -1.124    ,  0.000    ,  0.000    ,  0.000    
  
  
  
Distance   C Elec    C Sol Surf  Liq Pot    Solid Pot  Liq Cur   j main     j side 1    j side 2    j side 3
(microns)    (mol/m3)   x or y     (V)         (V)     (A/m2)     (A/m2)       (A/m2)      (A/m2)      (A/m2)
 t =       3.550000E-02 min  temp =    92.43415 deg C
  -0.0,     1844.21,   0.3832,  0.531    ,    0.797,  30.82    ,  159.7    ,  0.000    ,  0.000    ,  0.000    
  24.0,     1823.53,   0.3736,  0.528    ,    0.795,  650.0    ,  163.4    ,  0.000    ,  0.000    ,  0.000    
  48.0,     1712.40,   0.3259,  0.519    ,    0.794,  1324.    ,  188.2    ,  0.000    ,  0.000    ,  0.000    
  72.0,     1402.60,   0.2370,  0.499    ,    0.794,  2126.    ,  214.0    ,  0.000    ,  0.000    ,  0.000    
  96.0,      912.04,   0.1689,  0.465    ,    0.793,  2888.    ,  203.8    ,  0.000    ,  0.000    ,  0.000    
 102.2,      779.18,   0.0000,  0.453    ,    0.000,  2888.    ,  0.000    ,  0.000    ,  0.000    ,  0.000    
 108.5,      654.60,   0.0000,  0.440    ,    0.000,  2888.    ,  0.000    ,  0.000    ,  0.000    ,  0.000    
 114.7,      538.21,   0.0000,  0.426    ,    0.000,  2888.    ,  0.000    ,  0.000    ,  0.000    ,  0.000    
 121.0,      429.84,   0.9526,  0.410    ,    4.070,  2873.    , -123.0    ,  0.000    ,  0.000    ,  0.000    
 128.5,      296.94,   0.9515,  0.383    ,    4.066,  2543.    , -151.0    ,  0.000    ,  0.000    ,  0.000    
 136.0,      190.73,   0.9506,  0.352    ,    4.050,  2145.    , -175.9    ,  0.000    ,  0.000    ,  0.000    
 143.5,      109.50,   0.9499,  0.315    ,    4.023,  1701.    , -191.2    ,  0.000    ,  0.000    ,  0.000    
 151.0,       51.28,   0.9491,  0.267    ,    3.982,  1228.    , -201.4    ,  0.000    ,  0.000    ,  0.000    
 158.5,       14.34,   0.9462,  0.200    ,    3.927,  705.0    , -247.9    ,  0.000    ,  0.000    ,  0.000    
 166.0,        1.28,   0.7842,  0.985E-01,    3.853,  72.21    , -93.99    ,  0.000    ,  0.000    ,  0.000    
 173.5,        0.21,   0.7808,  0.296E-01,    3.769,  7.405    , -6.876    ,  0.000    ,  0.000    ,  0.000    
 181.0,        0.10,   0.8024,   0.00    ,    3.685,  0.000    , -2.073    ,  0.000    ,  0.000    ,  0.000    
  
  
  
Distance   C Elec    C Sol Surf  Liq Pot    Solid Pot  Liq Cur   j main     j side 1    j side 2    j side 3
(microns)    (mol/m3)   x or y     (V)         (V)     (A/m2)     (A/m2)       (A/m2)      (A/m2)      (A/m2)
 t =       3.716667E-02 min  temp =    95.66185 deg C
  -0.0,     1875.11,   0.3707,  0.513    ,    0.775,  31.71    ,  164.3    ,  0.000    ,  0.000    ,  0.000    
  24.0,     1843.90,   0.3605,  0.510    ,    0.774,  669.4    ,  168.8    ,  0.000    ,  0.000    ,  0.000    
  48.0,     1703.66,   0.3081,  0.500    ,    0.773,  1373.    ,  198.0    ,  0.000    ,  0.000    ,  0.000    
  72.0,     1369.77,   0.2252,  0.480    ,    0.772,  2187.    ,  210.4    ,  0.000    ,  0.000    ,  0.000    
  96.0,      892.28,   0.1632,  0.447    ,    0.772,  2933.    ,  199.3    ,  0.000    ,  0.000    ,  0.000    
 102.2,      766.50,   0.0000,  0.436    ,    0.000,  2933.    ,  0.000    ,  0.000    ,  0.000    ,  0.000    
 108.5,      648.83,   0.0000,  0.424    ,    0.000,  2933.    ,  0.000    ,  0.000    ,  0.000    ,  0.000    
 114.7,      539.06,   0.0000,  0.410    ,    0.000,  2933.    ,  0.000    ,  0.000    ,  0.000    ,  0.000    
 121.0,      436.92,   0.9519,  0.395    ,    4.074,  2919.    , -114.8    ,  0.000    ,  0.000    ,  0.000    
 128.5,      310.94,   0.9509,  0.371    ,    4.069,  2613.    , -139.2    ,  0.000    ,  0.000    ,  0.000    
 136.0,      208.62,   0.9500,  0.343    ,    4.055,  2250.    , -159.8    ,  0.000    ,  0.000    ,  0.000    
 143.5,      128.28,   0.9494,  0.310    ,    4.030,  1848.    , -171.6    ,  0.000    ,  0.000    ,  0.000    
 151.0,       67.97,   0.9489,  0.269    ,    3.993,  1427.    , -178.5    ,  0.000    ,  0.000    ,  0.000    
 158.5,       25.91,   0.9477,  0.213    ,    3.943,  976.5    , -202.5    ,  0.000    ,  0.000    ,  0.000    
 166.0,        3.42,   0.8555,  0.121    ,    3.877,  241.4    , -322.4    ,  0.000    ,  0.000    ,  0.000    
 173.5,        0.40,   0.7790,  0.366E-01,    3.794,  18.44    , -19.49    ,  0.000    ,  0.000    ,  0.000    
 181.0,        0.15,   0.7971,   0.00    ,    3.708,  0.000    , -4.640    ,  0.000    ,  0.000    ,  0.000    
  
  
  
Distance   C Elec    C Sol Surf  Liq Pot    Solid Pot  Liq Cur   j main     j side 1    j side 2    j side 3
(microns)    (mol/m3)   x or y     (V)         (V)     (A/m2)     (A/m2)       (A/m2)      (A/m2)      (A/m2)
 t =       3.883333E-02 min  temp =    98.92432 deg C
  -0.0,     1901.51,   0.3563,  0.489    ,    0.749,  33.08    ,  171.4    ,  0.000    ,  0.000    ,  0.000    
  24.0,     1858.96,   0.3451,  0.486    ,    0.748,  699.6    ,  177.2    ,  0.000    ,  0.000    ,  0.000    
  48.0,     1690.33,   0.2875,  0.475    ,    0.747,  1444.    ,  209.2    ,  0.000    ,  0.000    ,  0.000    
  72.0,     1338.94,   0.2145,  0.456    ,    0.746,  2263.    ,  206.5    ,  0.000    ,  0.000    ,  0.000    
  96.0,      877.38,   0.1574,  0.424    ,    0.746,  2995.    ,  195.4    ,  0.000    ,  0.000    ,  0.000    
 102.2,      758.30,   0.0000,  0.413    ,    0.000,  2995.    ,  0.000    ,  0.000    ,  0.000    ,  0.000    
 108.5,      647.00,   0.0000,  0.402    ,    0.000,  2995.    ,  0.000    ,  0.000    ,  0.000    ,  0.000    
 114.7,      543.18,   0.0000,  0.389    ,    0.000,  2995.    ,  0.000    ,  0.000    ,  0.000    ,  0.000    
 121.0,      446.50,   0.9502,  0.375    ,    4.088,  2982.    , -107.0    ,  0.000    ,  0.000    ,  0.000    
 128.5,      326.50,   0.9492,  0.353    ,    4.084,  2698.    , -128.5    ,  0.000    ,  0.000    ,  0.000    
 136.0,      227.53,   0.9483,  0.327    ,    4.071,  2365.    , -145.9    ,  0.000    ,  0.000    ,  0.000    
 143.5,      147.97,   0.9478,  0.298    ,    4.048,  2000.    , -155.4    ,  0.000    ,  0.000    ,  0.000    
 151.0,       86.05,   0.9474,  0.262    ,    4.014,  1620.    , -160.4    ,  0.000    ,  0.000    ,  0.000    
 158.5,       40.08,   0.9469,  0.215    ,    3.968,  1220.    , -175.7    ,  0.000    ,  0.000    ,  0.000    
 166.0,        9.91,   0.9407,  0.144    ,    3.910,  668.0    , -319.4    ,  0.000    ,  0.000    ,  0.000    
 173.5,        0.96,   0.7900,  0.470E-01,    3.831,  58.85    , -71.08    ,  0.000    ,  0.000    ,  0.000    
 181.0,        0.29,   0.7944,   0.00    ,    3.744,  0.000    , -12.84    ,  0.000    ,  0.000    ,  0.000    
  
  
  
Distance   C Elec    C Sol Surf  Liq Pot    Solid Pot  Liq Cur   j main     j side 1    j side 2    j side 3
(microns)    (mol/m3)   x or y     (V)         (V)     (A/m2)     (A/m2)       (A/m2)      (A/m2)      (A/m2)
 t =       4.050000E-02 min  temp =   102.22694 deg C
  -0.0,     1922.71,   0.3394,  0.455    ,    0.714,  35.01    ,  181.4    ,  0.000    ,  0.000    ,  0.000    
  24.0,     1868.59,   0.3266,  0.452    ,    0.713,  742.0    ,  189.0    ,  0.000    ,  0.000    ,  0.000    
  48.0,     1673.37,   0.2664,  0.442    ,    0.712,  1533.    ,  216.5    ,  0.000    ,  0.000    ,  0.000    
  72.0,     1310.81,   0.2049,  0.422    ,    0.711,  2345.    ,  202.4    ,  0.000    ,  0.000    ,  0.000    
  96.0,      866.50,   0.1519,  0.391    ,    0.711,  3063.    ,  191.5    ,  0.000    ,  0.000    ,  0.000    
 102.2,      753.63,   0.0000,  0.381    ,    0.000,  3063.    ,  0.000    ,  0.000    ,  0.000    ,  0.000    
 108.5,      648.12,   0.0000,  0.370    ,    0.000,  3063.    ,  0.000    ,  0.000    ,  0.000    ,  0.000    
 114.7,      549.62,   0.0000,  0.358    ,    0.000,  3063.    ,  0.000    ,  0.000    ,  0.000    ,  0.000    
 121.0,      457.79,   0.9480,  0.345    ,    4.098,  3051.    , -99.86    ,  0.000    ,  0.000    ,  0.000    
 128.5,      343.08,   0.9468,  0.325    ,    4.094,  2787.    , -118.8    ,  0.000    ,  0.000    ,  0.000    
 136.0,      247.12,   0.9458,  0.301    ,    4.082,  2481.    , -133.6    ,  0.000    ,  0.000    ,  0.000    
 143.5,      168.43,   0.9453,  0.275    ,    4.061,  2148.    , -141.4    ,  0.000    ,  0.000    ,  0.000    
 151.0,      105.39,   0.9451,  0.243    ,    4.029,  1803.    , -145.4    ,  0.000    ,  0.000    ,  0.000    
 158.5,       56.48,   0.9449,  0.204    ,    3.988,  1443.    , -156.4    ,  0.000    ,  0.000    ,  0.000    
 166.0,       21.14,   0.9430,  0.148    ,    3.935,  995.6    , -225.0    ,  0.000    ,  0.000    ,  0.000    
 173.5,        3.06,   0.8502,  0.603E-01,    3.865,  231.6    , -265.4    ,  0.000    ,  0.000    ,  0.000    
 181.0,        0.68,   0.8002,   0.00    ,    3.778,  0.000    , -47.21    ,  0.000    ,  0.000    ,  0.000    
  
  
