 Now running DUAL...
 Resistances in each portion of the cell, from a simple (delta V) / I
 Time       Cur Den      R Anode       R Separator      R Cathode        R Total
 (min)      (A/m^2)     (ohm-m^2)       (ohm-m^2)       (ohm-m^2)      (ohm-m^2)
  
   7.0000000000000145E-002
   7.0000000000000145E-002   7.0000000000000145E-002
          15  iterations at zero time step
   7.0000000000000145E-002
   7.0000000000000145E-002   7.0000000000000145E-002
    0.000,   2421.53578,  25.00000, 
   7.0000000000000145E-002   7.0000000000000145E-002
 0.00033,   ******,    0.61482E-03,    0.87584E-04,    0.67309E-03,    0.13755E-02
    0.020,   2402.57341,  25.57425, 
   7.0000000000000145E-002   6.9999999999999979E-002
 0.00067,   ******,    0.60499E-03,    0.85633E-04,    0.66837E-03,    0.13590E-02
    0.040,   2414.22781,  26.15033, 
   7.0000000000000145E-002   6.9999999999999979E-002
 0.00100,   ******,    0.59604E-03,    0.83728E-04,    0.66672E-03,    0.13465E-02
    0.060,   2426.80906,  26.72840, 
   7.0000000000000145E-002   6.9999999999999979E-002
 0.00133,   ******,    0.58740E-03,    0.81865E-04,    0.66551E-03,    0.13348E-02
    0.080,   2440.91613,  27.30869, 
   7.0000000000000145E-002   6.9999999999999979E-002
 0.00167,   ******,    0.57902E-03,    0.80049E-04,    0.66448E-03,    0.13236E-02
    0.100,   2455.77557,  27.89129, 
   7.0000000000000145E-002   6.9999999999999965E-002
 0.00200,   ******,    0.57089E-03,    0.78278E-04,    0.66355E-03,    0.13127E-02
    0.120,   2471.04956,  28.47627, 
   7.0000000000000145E-002   6.9999999999999993E-002
 0.00233,   ******,    0.56298E-03,    0.76553E-04,    0.66266E-03,    0.13022E-02
    0.140,   2486.54902,  29.06363, 
   7.0000000000000145E-002   6.9999999999999979E-002
 0.00267,   ******,    0.55530E-03,    0.74871E-04,    0.66180E-03,    0.12920E-02
    0.160,   2502.16231,  29.65338, 
   7.0000000000000145E-002   6.9999999999999979E-002
 0.00300,   ******,    0.54783E-03,    0.73232E-04,    0.66097E-03,    0.12820E-02
    0.180,   2517.81065,  30.24551, 
   7.0000000000000145E-002   6.9999999999999923E-002
 0.00333,   ******,    0.54056E-03,    0.71635E-04,    0.66015E-03,    0.12723E-02
    0.200,   2533.44009,  30.84000, 
   7.0000000000000145E-002   6.9999999999999951E-002
 0.00367,   ******,    0.53348E-03,    0.70080E-04,    0.65935E-03,    0.12629E-02
    0.220,   2549.00714,  31.43682, 
   7.0000000000000145E-002   7.0000000000000076E-002
 0.00400,   ******,    0.52659E-03,    0.68562E-04,    0.65855E-03,    0.12537E-02
    0.240,   2564.47909,  32.03594, 
   7.0000000000000145E-002   6.9999999999999979E-002
 0.00433,   ******,    0.51988E-03,    0.67084E-04,    0.65777E-03,    0.12447E-02
    0.260,   2579.82722,  32.63733, 
   7.0000000000000145E-002   7.0000000000000007E-002
 0.00467,   ******,    0.51333E-03,    0.65642E-04,    0.65701E-03,    0.12360E-02
    0.280,   2595.02829,  33.24094, 
   7.0000000000000145E-002   7.0000000000000062E-002
 0.00500,   ******,    0.50694E-03,    0.64236E-04,    0.65626E-03,    0.12274E-02
    0.300,   2610.06031,  33.84675, 
   7.0000000000000145E-002   7.0000000000000076E-002
 0.00533,   ******,    0.50069E-03,    0.62865E-04,    0.65553E-03,    0.12191E-02
    0.320,   2624.90361,  34.45469, 
   7.0000000000000145E-002   6.9999999999999993E-002
 0.00567,   ******,    0.49455E-03,    0.61527E-04,    0.65482E-03,    0.12109E-02
    0.340,   2639.53712,  35.06474, 
   7.0000000000000145E-002   6.9999999999999979E-002
 0.00600,   ******,    0.48851E-03,    0.60222E-04,    0.65414E-03,    0.12029E-02
    0.360,   2653.93805,  35.67683, 
   7.0000000000000145E-002   7.0000000000000007E-002
 0.00633,   ******,    0.48252E-03,    0.58948E-04,    0.65348E-03,    0.11950E-02
    0.380,   2668.08027,  36.29093, 
   7.0000000000000145E-002   6.9999999999999937E-002
 0.00667,   ******,    0.47656E-03,    0.57705E-04,    0.65286E-03,    0.11871E-02
    0.400,   2681.93908,  36.90697, 
   7.0000000000000145E-002   7.0000000000000007E-002
 0.00700,   ******,    0.47061E-03,    0.56493E-04,    0.65227E-03,    0.11794E-02
    0.420,   2695.49191,  37.52490, 
   7.0000000000000145E-002   6.9999999999999979E-002
 0.00733,   ******,    0.46466E-03,    0.55309E-04,    0.65171E-03,    0.11717E-02
    0.440,   2708.71795,  38.14467, 
   7.0000000000000145E-002   7.0000000000000062E-002
 0.00767,   ******,    0.45875E-03,    0.54154E-04,    0.65117E-03,    0.11641E-02
    0.460,   2721.60151,  38.76621, 
   7.0000000000000145E-002   6.9999999999999979E-002
 0.00800,   ******,    0.45293E-03,    0.53026E-04,    0.65064E-03,    0.11566E-02
    0.480,   2734.13460,  39.38947, 
   7.0000000000000145E-002   7.0000000000000062E-002
 0.00833,   ******,    0.44727E-03,    0.51926E-04,    0.65012E-03,    0.11493E-02
    0.500,   2746.31426,  40.01439, 
   7.0000000000000145E-002   6.9999999999999910E-002
 0.00867,   ******,    0.44184E-03,    0.50852E-04,    0.64960E-03,    0.11423E-02
    0.520,   2758.14368,  40.64090, 
   7.0000000000000145E-002   6.9999999999999979E-002
 0.00900,   ******,    0.43668E-03,    0.49804E-04,    0.64908E-03,    0.11356E-02
    0.540,   2769.62948,  41.26896, 
   7.0000000000000145E-002   6.9999999999999965E-002
 0.00933,   ******,    0.43181E-03,    0.48781E-04,    0.64857E-03,    0.11292E-02
    0.560,   2780.77986,  41.89851, 
   7.0000000000000145E-002   6.9999999999999979E-002
 0.00967,   ******,    0.42722E-03,    0.47784E-04,    0.64808E-03,    0.11231E-02
    0.580,   2791.60338,  42.52951, 
   7.0000000000000145E-002   7.0000000000000007E-002
 0.01000,   ******,    0.42288E-03,    0.46811E-04,    0.64762E-03,    0.11173E-02
    0.600,   2802.10714,  43.16189, 
   7.0000000000000145E-002   7.0000000000000007E-002
 0.01033,   ******,    0.41876E-03,    0.45862E-04,    0.64721E-03,    0.11118E-02
    0.620,   2812.29663,  43.79561, 
   7.0000000000000145E-002   7.0000000000000007E-002
 0.01067,   ******,    0.41484E-03,    0.44937E-04,    0.64685E-03,    0.11066E-02
    0.640,   2822.17594,  44.43063, 
   7.0000000000000145E-002   7.0000000000000007E-002
 0.01100,   ******,    0.41109E-03,    0.44037E-04,    0.64654E-03,    0.11017E-02
    0.660,   2831.74746,  45.06689, 
   7.0000000000000145E-002   7.0000000000000007E-002
 0.01133,   ******,    0.40750E-03,    0.43159E-04,    0.64628E-03,    0.10969E-02
    0.680,   2841.01287,  45.70435, 
   7.0000000000000145E-002   7.0000000000000048E-002
 0.01167,   ******,    0.40403E-03,    0.42305E-04,    0.64608E-03,    0.10924E-02
    0.700,   2849.97287,  46.34297, 
   7.0000000000000145E-002   7.0000000000000007E-002
 0.01200,   ******,    0.40069E-03,    0.41473E-04,    0.64593E-03,    0.10881E-02
    0.720,   2858.62754,  46.98270, 
   7.0000000000000145E-002   6.9999999999999965E-002
 0.01233,   ******,    0.39747E-03,    0.40665E-04,    0.64583E-03,    0.10840E-02
    0.740,   2866.97660,  47.62350, 
   7.0000000000000145E-002   7.0000000000000007E-002
 0.01267,   ******,    0.39434E-03,    0.39879E-04,    0.64579E-03,    0.10800E-02
    0.760,   2875.01944,  48.26533, 
   7.0000000000000145E-002   7.0000000000000048E-002
 0.01300,   ******,    0.39132E-03,    0.39115E-04,    0.64580E-03,    0.10762E-02
    0.780,   2882.75536,  48.90813, 
   7.0000000000000145E-002   6.9999999999999965E-002
 0.01333,   ******,    0.38839E-03,    0.38374E-04,    0.64586E-03,    0.10726E-02
    0.800,   2890.18378,  49.55187, 
   7.0000000000000145E-002   7.0000000000000007E-002
 0.01367,   ******,    0.38556E-03,    0.37654E-04,    0.64597E-03,    0.10692E-02
    0.820,   2897.30410,  50.19651, 
   7.0000000000000145E-002   6.9999999999999993E-002
 0.01400,   ******,    0.38281E-03,    0.36957E-04,    0.64613E-03,    0.10659E-02
    0.840,   2904.11582,  50.84200, 
   7.0000000000000145E-002   6.9999999999999993E-002
 0.01433,   ******,    0.38016E-03,    0.36282E-04,    0.64634E-03,    0.10628E-02
    0.860,   2910.61857,  51.48830, 
   7.0000000000000145E-002   6.9999999999999979E-002
 0.01467,   ******,    0.37759E-03,    0.35628E-04,    0.64659E-03,    0.10598E-02
    0.880,   2916.81213,  52.13537, 
   7.0000000000000145E-002   6.9999999999999951E-002
 0.01500,   ******,    0.37510E-03,    0.34996E-04,    0.64689E-03,    0.10570E-02
    0.900,   2922.69654,  52.78317, 
   7.0000000000000145E-002   6.9999999999999993E-002
 0.01533,   ******,    0.37271E-03,    0.34384E-04,    0.64723E-03,    0.10543E-02
    0.920,   2928.27235,  53.43165, 
   7.0000000000000145E-002   6.9999999999999979E-002
 0.01567,   ******,    0.37039E-03,    0.33794E-04,    0.64762E-03,    0.10518E-02
    0.940,   2933.54051,  54.08079, 
   7.0000000000000145E-002   7.0000000000000021E-002
 0.01600,   ******,    0.36815E-03,    0.33225E-04,    0.64805E-03,    0.10494E-02
    0.960,   2938.50254,  54.73053, 
   7.0000000000000145E-002   7.0000000000000021E-002
 0.01633,   ******,    0.36600E-03,    0.32677E-04,    0.64852E-03,    0.10472E-02
    0.980,   2943.16051,  55.38084, 
   7.0000000000000145E-002   6.9999999999999979E-002
 0.01667,   ******,    0.36392E-03,    0.32149E-04,    0.64904E-03,    0.10451E-02
    1.000,   2947.51713,  56.03169, 
   7.0000000000000145E-002   7.0000000000000034E-002
 0.01700,   ******,    0.36191E-03,    0.31641E-04,    0.64960E-03,    0.10432E-02
    1.020,   2951.57566,  56.68302, 
   7.0000000000000145E-002   6.9999999999999993E-002
 0.01733,   ******,    0.35997E-03,    0.31152E-04,    0.65021E-03,    0.10413E-02
    1.040,   2955.33971,  57.33481, 
   7.0000000000000145E-002   6.9999999999999868E-002
 0.01767,   ******,    0.35809E-03,    0.30684E-04,    0.65086E-03,    0.10396E-02
    1.060,   2958.81269,  57.98703, 
   7.0000000000000145E-002   6.9999999999999979E-002
 0.01800,   ******,    0.35627E-03,    0.30234E-04,    0.65156E-03,    0.10381E-02
    1.080,   2961.99722,  58.63962, 
   7.0000000000000145E-002   6.9999999999999979E-002
 0.01833,   ******,    0.35450E-03,    0.29803E-04,    0.65230E-03,    0.10366E-02
    1.100,   2964.89447,  59.29257, 
   7.0000000000000145E-002   6.9999999999999937E-002
 0.01867,   ******,    0.35277E-03,    0.29391E-04,    0.65310E-03,    0.10353E-02
    1.120,   2967.50338,  59.94583, 
   7.0000000000000145E-002   6.9999999999999910E-002
 0.01900,   ******,    0.35108E-03,    0.28996E-04,    0.65395E-03,    0.10340E-02
    1.140,   2969.81977,  60.59937, 
   7.0000000000000145E-002   6.9999999999999993E-002
 0.01933,   ******,    0.34941E-03,    0.28619E-04,    0.65486E-03,    0.10329E-02
    1.160,   2971.83524,  61.25315, 
   7.0000000000000145E-002   6.9999999999999951E-002
 0.01967,   ******,    0.34777E-03,    0.28259E-04,    0.65583E-03,    0.10319E-02
    1.180,   2973.53618,  61.90713, 
   7.0000000000000145E-002   6.9999999999999993E-002
 0.02000,   ******,    0.34613E-03,    0.27916E-04,    0.65688E-03,    0.10309E-02
    1.200,   2974.90234,  62.56128, 
   7.0000000000000145E-002   6.9999999999999951E-002
 0.02033,   ******,    0.34451E-03,    0.27590E-04,    0.65801E-03,    0.10301E-02
    1.220,   2975.90469,  63.21555, 
   7.0000000000000145E-002   6.9999999999999965E-002
 0.02067,   ******,    0.34288E-03,    0.27279E-04,    0.65925E-03,    0.10294E-02
    1.240,   2976.50248,  63.86990, 
   7.0000000000000145E-002   6.9999999999999882E-002
 0.02100,   ******,    0.34125E-03,    0.26983E-04,    0.66060E-03,    0.10288E-02
    1.260,   2976.63940,  64.52427, 
   7.0000000000000145E-002   6.9999999999999979E-002
 0.02133,   ******,    0.33962E-03,    0.26703E-04,    0.66211E-03,    0.10284E-02
    1.280,   2976.24058,  64.89435, 
   7.0000000000000145E-002   6.9999999999999979E-002
 0.02150,   ******,    0.33869E-03,    0.26540E-04,    0.66289E-03,    0.10281E-02
    1.290,   2976.27593,  65.22154, 
   7.0000000000000145E-002   6.9999999999999937E-002
 0.02167,   ******,    0.33788E-03,    0.26410E-04,    0.66376E-03,    0.10281E-02
    1.300,   2975.67305,  65.54869, 
   7.0000000000000145E-002   6.9999999999999937E-002
 0.02183,   ******,    0.33706E-03,    0.26283E-04,    0.66469E-03,    0.10280E-02
    1.310,   2974.90260,  65.87579, 
   7.0000000000000145E-002   6.9999999999999951E-002
 0.02200,   ******,    0.33624E-03,    0.26160E-04,    0.66567E-03,    0.10281E-02
    1.320,   2973.96570,  66.20285, 
   7.0000000000000145E-002   6.9999999999999965E-002
 0.02217,   ******,    0.33542E-03,    0.26041E-04,    0.66669E-03,    0.10281E-02
    1.330,   2972.87601,  66.52984, 
   7.0000000000000145E-002   6.9999999999999937E-002
 0.02233,   ******,    0.33460E-03,    0.25925E-04,    0.66774E-03,    0.10283E-02
    1.340,   2971.65979,  66.85676, 
   7.0000000000000145E-002   6.9999999999999979E-002
 0.02250,   ******,    0.33378E-03,    0.25813E-04,    0.66881E-03,    0.10284E-02
    1.350,   2970.35102,  67.18361, 
   7.0000000000000145E-002   6.9999999999999965E-002
 0.02267,   ******,    0.33296E-03,    0.25703E-04,    0.66988E-03,    0.10285E-02
    1.360,   2968.98377,  67.51038, 
   7.0000000000000145E-002   6.9999999999999965E-002
 0.02283,   ******,    0.33215E-03,    0.25597E-04,    0.67095E-03,    0.10287E-02
    1.370,   2967.58593,  67.83706, 
   7.0000000000000145E-002   6.9999999999999951E-002
 0.02300,   ******,    0.33133E-03,    0.25494E-04,    0.67200E-03,    0.10288E-02
    1.380,   2966.17769,  68.16366, 
   7.0000000000000145E-002   7.0000000000000007E-002
 0.02317,   ******,    0.33052E-03,    0.25394E-04,    0.67302E-03,    0.10289E-02
    1.390,   2964.77260,  68.49018, 
   7.0000000000000145E-002   6.9999999999999979E-002
 0.02333,   ******,    0.32972E-03,    0.25296E-04,    0.67402E-03,    0.10290E-02
    1.400,   2963.37986,  68.81661, 
   7.0000000000000145E-002   6.9999999999999993E-002
 0.02350,   ******,    0.32891E-03,    0.25202E-04,    0.67499E-03,    0.10291E-02
    1.410,   2962.00583,  69.14296, 
   7.0000000000000145E-002   7.0000000000000007E-002
 0.02367,   ******,    0.32812E-03,    0.25110E-04,    0.67592E-03,    0.10291E-02
    1.420,   2960.65528,  69.46923, 
   7.0000000000000145E-002   6.9999999999999979E-002
 0.02383,   ******,    0.32732E-03,    0.25020E-04,    0.67683E-03,    0.10292E-02
    1.430,   2959.33180,  69.79542, 
   7.0000000000000145E-002   7.0000000000000021E-002
 0.02400,   ******,    0.32653E-03,    0.24933E-04,    0.67769E-03,    0.10292E-02
    1.440,   2958.03829,  70.12152, 
   7.0000000000000145E-002   6.9999999999999923E-002
 0.02417,   ******,    0.32575E-03,    0.24849E-04,    0.67852E-03,    0.10291E-02
    1.450,   2956.77699,  70.44755, 
   7.0000000000000145E-002   7.0000000000000021E-002
 0.02433,   ******,    0.32498E-03,    0.24766E-04,    0.67932E-03,    0.10291E-02
    1.460,   2955.54969,  70.77349, 
   7.0000000000000145E-002   7.0000000000000048E-002
 0.02450,   ******,    0.32421E-03,    0.24685E-04,    0.68008E-03,    0.10290E-02
    1.470,   2954.35770,  71.09937, 
   7.0000000000000145E-002   6.9999999999999979E-002
 0.02467,   ******,    0.32344E-03,    0.24607E-04,    0.68080E-03,    0.10288E-02
    1.480,   2953.20199,  71.42516, 
   7.0000000000000145E-002   6.9999999999999993E-002
 0.02483,   ******,    0.32269E-03,    0.24530E-04,    0.68148E-03,    0.10287E-02
    1.490,   2952.08312,  71.75089, 
   7.0000000000000145E-002   7.0000000000000021E-002
 0.02500,   ******,    0.32194E-03,    0.24455E-04,    0.68212E-03,    0.10285E-02
    1.500,   2951.00141,  72.07654, 
   7.0000000000000145E-002   7.0000000000000021E-002
 0.02517,   ******,    0.32120E-03,    0.24381E-04,    0.68273E-03,    0.10283E-02
    1.510,   2949.95681,  72.40212, 
   7.0000000000000145E-002   6.9999999999999993E-002
 0.02533,   ******,    0.32047E-03,    0.24308E-04,    0.68330E-03,    0.10281E-02
    1.520,   2948.94909,  72.72764, 
   7.0000000000000145E-002   6.9999999999999896E-002
 0.02550,   ******,    0.31974E-03,    0.24236E-04,    0.68383E-03,    0.10278E-02
    1.530,   2947.97769,  73.05309, 
   7.0000000000000145E-002   6.9999999999999993E-002
 0.02567,   ******,    0.31903E-03,    0.24165E-04,    0.68433E-03,    0.10275E-02
    1.540,   2947.04192,  73.37848, 
   7.0000000000000145E-002   6.9999999999999965E-002
 0.02583,   ******,    0.31832E-03,    0.24094E-04,    0.68479E-03,    0.10272E-02
    1.550,   2946.14082,  73.70381, 
   7.0000000000000145E-002   7.0000000000000007E-002
 0.02600,   ******,    0.31762E-03,    0.24025E-04,    0.68522E-03,    0.10269E-02
    1.560,   2945.27326,  74.02908, 
   7.0000000000000145E-002   7.0000000000000021E-002
 0.02617,   ******,    0.31694E-03,    0.23955E-04,    0.68561E-03,    0.10265E-02
    1.570,   2944.43792,  74.35429, 
   7.0000000000000145E-002   6.9999999999999979E-002
 0.02633,   ******,    0.31626E-03,    0.23885E-04,    0.68597E-03,    0.10261E-02
    1.580,   2943.63331,  74.67944, 
   7.0000000000000145E-002   7.0000000000000007E-002
 0.02650,   ******,    0.31558E-03,    0.23816E-04,    0.68629E-03,    0.10257E-02
    1.590,   2942.85770,  75.00454, 
   7.0000000000000145E-002   7.0000000000000007E-002
 0.02667,   ******,    0.31492E-03,    0.23746E-04,    0.68659E-03,    0.10253E-02
    1.600,   2942.10921,  75.32959, 
   7.0000000000000145E-002   7.0000000000000048E-002
 0.02683,   ******,    0.31427E-03,    0.23676E-04,    0.68684E-03,    0.10248E-02
    1.610,   2941.38572,  75.65458, 
   7.0000000000000145E-002   6.9999999999999993E-002
 0.02700,   ******,    0.31363E-03,    0.23606E-04,    0.68707E-03,    0.10243E-02
    1.620,   2940.68489,  75.97953, 
   7.0000000000000145E-002   6.9999999999999937E-002
 0.02717,   ******,    0.31299E-03,    0.23535E-04,    0.68727E-03,    0.10238E-02
    1.630,   2940.00409,  76.30442, 
   7.0000000000000145E-002   6.9999999999999965E-002
 0.02733,   ******,    0.31237E-03,    0.23463E-04,    0.68744E-03,    0.10233E-02
    1.640,   2939.34045,  76.62927, 
   7.0000000000000145E-002   7.0000000000000034E-002
 0.02750,   ******,    0.31175E-03,    0.23391E-04,    0.68758E-03,    0.10227E-02
    1.650,   2938.69071,  76.95407, 
   7.0000000000000145E-002   6.9999999999999951E-002
 0.02767,   ******,    0.31114E-03,    0.23317E-04,    0.68769E-03,    0.10221E-02
    1.660,   2938.05128,  77.27882, 
   7.0000000000000145E-002   7.0000000000000034E-002
 0.02783,   ******,    0.31054E-03,    0.23243E-04,    0.68777E-03,    0.10216E-02
    1.670,   2937.41810,  77.60352, 
   7.0000000000000145E-002   6.9999999999999979E-002
 0.02800,   ******,    0.30995E-03,    0.23168E-04,    0.68783E-03,    0.10209E-02
    1.680,   2936.78664,  77.92818, 
   7.0000000000000145E-002   6.9999999999999965E-002
 0.02817,   ******,    0.30937E-03,    0.23091E-04,    0.68786E-03,    0.10203E-02
    1.690,   2936.15179,  78.25279, 
   7.0000000000000145E-002   6.9999999999999993E-002
 0.02833,   ******,    0.30880E-03,    0.23014E-04,    0.68786E-03,    0.10197E-02
    1.700,   2935.50780,  78.57735, 
   7.0000000000000145E-002   6.9999999999999965E-002
 0.02850,   ******,    0.30824E-03,    0.22935E-04,    0.68784E-03,    0.10190E-02
    1.710,   2934.84816,  78.90187, 
   7.0000000000000145E-002   6.9999999999999937E-002
 0.02867,   ******,    0.30768E-03,    0.22855E-04,    0.68780E-03,    0.10183E-02
    1.720,   2934.16556,  79.22633, 
   7.0000000000000145E-002   6.9999999999999993E-002
 0.02883,   ******,    0.30714E-03,    0.22774E-04,    0.68773E-03,    0.10176E-02
    1.730,   2933.45174,  79.55074, 
   7.0000000000000145E-002   7.0000000000000034E-002
 0.02900,   ******,    0.30660E-03,    0.22692E-04,    0.68764E-03,    0.10169E-02
    1.740,   2932.69743,  79.87510, 
   7.0000000000000145E-002   7.0000000000000034E-002
 0.02917,   ******,    0.30607E-03,    0.22609E-04,    0.68753E-03,    0.10162E-02
    1.750,   2931.89226,  80.19939, 
   7.0000000000000145E-002   6.9999999999999993E-002
 0.02933,   ******,    0.30555E-03,    0.22525E-04,    0.68740E-03,    0.10155E-02
    1.760,   2931.02469,  80.52363, 
   7.0000000000000145E-002   6.9999999999999951E-002
 0.02950,   ******,    0.30503E-03,    0.22439E-04,    0.68725E-03,    0.10147E-02
    1.770,   2930.08201,  80.84780, 
   7.0000000000000145E-002   6.9999999999999951E-002
 0.02967,   ******,    0.30453E-03,    0.22353E-04,    0.68709E-03,    0.10140E-02
    1.780,   2929.05037,  81.17189, 
   7.0000000000000145E-002   6.9999999999999951E-002
 0.02983,   ******,    0.30403E-03,    0.22266E-04,    0.68691E-03,    0.10132E-02
    1.790,   2927.91492,  81.49590, 
   7.0000000000000145E-002   7.0000000000000034E-002
 0.03000,   ******,    0.30354E-03,    0.22177E-04,    0.68671E-03,    0.10124E-02
    1.800,   2926.66004,  81.81983, 
   7.0000000000000145E-002   7.0000000000000007E-002
 0.03017,   ******,    0.30306E-03,    0.22088E-04,    0.68650E-03,    0.10116E-02
    1.810,   2925.26974,  82.14366, 
   7.0000000000000145E-002   6.9999999999999937E-002
 0.03033,   ******,    0.30259E-03,    0.21999E-04,    0.68627E-03,    0.10109E-02
    1.820,   2923.72826,  82.46739, 
   7.0000000000000145E-002   6.9999999999999965E-002
 0.03050,   ******,    0.30212E-03,    0.21908E-04,    0.68603E-03,    0.10101E-02
    1.830,   2922.02077,  82.79100, 
   7.0000000000000145E-002   6.9999999999999965E-002
 0.03067,   ******,    0.30166E-03,    0.21818E-04,    0.68578E-03,    0.10093E-02
    1.840,   2920.13440,  83.11448, 
   7.0000000000000145E-002   7.0000000000000048E-002
 0.03083,   ******,    0.30121E-03,    0.21726E-04,    0.68552E-03,    0.10085E-02
    1.850,   2918.05940,  83.43782, 
   7.0000000000000145E-002   7.0000000000000007E-002
 0.03100,   ******,    0.30077E-03,    0.21635E-04,    0.68524E-03,    0.10076E-02
    1.860,   2915.79043,  83.76101, 
   7.0000000000000145E-002   7.0000000000000007E-002
 0.03117,   ******,    0.30033E-03,    0.21542E-04,    0.68495E-03,    0.10068E-02
    1.870,   2913.32799,  84.08403, 
   7.0000000000000145E-002   6.9999999999999993E-002
 0.03133,   ******,    0.29990E-03,    0.21450E-04,    0.68464E-03,    0.10060E-02
    1.880,   2910.67971,  84.40688, 
   7.0000000000000145E-002   6.9999999999999937E-002
 0.03150,   ******,    0.29948E-03,    0.21357E-04,    0.68431E-03,    0.10051E-02
    1.890,   2907.86146,  84.72954, 
   7.0000000000000145E-002   7.0000000000000021E-002
 0.03167,   ******,    0.29907E-03,    0.21263E-04,    0.68396E-03,    0.10043E-02
    1.900,   2904.89799,  85.05200, 
   7.0000000000000145E-002   7.0000000000000007E-002
 0.03183,   ******,    0.29866E-03,    0.21169E-04,    0.68359E-03,    0.10034E-02
    1.910,   2901.82295,  85.37426, 
   7.0000000000000145E-002   6.9999999999999979E-002
 0.03200,   ******,    0.29826E-03,    0.21074E-04,    0.68319E-03,    0.10025E-02
    1.920,   2898.67822,  85.69632, 
   7.0000000000000145E-002   6.9999999999999923E-002
 0.03217,   ******,    0.29786E-03,    0.20977E-04,    0.68276E-03,    0.10016E-02
    1.930,   2895.51243,  86.01816, 
   7.0000000000000145E-002   6.9999999999999951E-002
 0.03233,   ******,    0.29748E-03,    0.20880E-04,    0.68230E-03,    0.10007E-02
    1.940,   2892.37891,  86.33979, 
   7.0000000000000145E-002   7.0000000000000007E-002
 0.03250,   ******,    0.29709E-03,    0.20781E-04,    0.68180E-03,    0.99968E-03
    1.950,   2889.33325,  86.66122, 
   7.0000000000000145E-002   7.0000000000000062E-002
 0.03267,   ******,    0.29672E-03,    0.20680E-04,    0.68128E-03,    0.99868E-03
    1.960,   2886.43095,  86.98246, 
   7.0000000000000145E-002   7.0000000000000034E-002
 0.03283,   ******,    0.29635E-03,    0.20578E-04,    0.68072E-03,    0.99765E-03
    1.970,   2883.72451,  87.30352, 
   7.0000000000000145E-002   6.9999999999999965E-002
 0.03300,   ******,    0.29598E-03,    0.20473E-04,    0.68014E-03,    0.99659E-03
    1.980,   2881.26302,  87.62442, 
   7.0000000000000145E-002   6.9999999999999965E-002
 0.03317,   ******,    0.29563E-03,    0.20367E-04,    0.67952E-03,    0.99551E-03
    1.990,   2879.08806,  87.94517, 
   7.0000000000000145E-002   6.9999999999999965E-002
 0.03333,   ******,    0.29527E-03,    0.20258E-04,    0.67887E-03,    0.99440E-03
    2.000,   2877.23671,  88.26580, 
   7.0000000000000145E-002   6.9999999999999979E-002
 0.03350,   ******,    0.29492E-03,    0.20146E-04,    0.67820E-03,    0.99327E-03
    2.010,   2875.73813,  88.58633, 
   7.0000000000000145E-002   6.9999999999999910E-002
 0.03367,   ******,    0.29458E-03,    0.20033E-04,    0.67750E-03,    0.99212E-03
    2.020,   2874.61101,  88.90678, 
   7.0000000000000145E-002   6.9999999999999937E-002
 0.03383,   ******,    0.29424E-03,    0.19917E-04,    0.67678E-03,    0.99094E-03
    2.030,   2873.88048,  89.22718, 
   7.0000000000000145E-002   7.0000000000000062E-002
 0.03400,   ******,    0.29391E-03,    0.19799E-04,    0.67604E-03,    0.98974E-03
    2.040,   2873.53955,  89.54756, 
   7.0000000000000145E-002   6.9999999999999951E-002
 0.03417,   ******,    0.29358E-03,    0.19678E-04,    0.67527E-03,    0.98853E-03
    2.050,   2873.61315,  89.86794, 
   7.0000000000000145E-002   7.0000000000000021E-002
 0.03433,   ******,    0.29325E-03,    0.19556E-04,    0.67449E-03,    0.98730E-03
    2.060,   2874.08532,  90.18835, 
   7.0000000000000145E-002   7.0000000000000021E-002
 0.03450,   ******,    0.29293E-03,    0.19432E-04,    0.67369E-03,    0.98605E-03
    2.070,   2874.95038,  90.50882, 
   7.0000000000000145E-002   6.9999999999999923E-002
 0.03467,   ******,    0.29261E-03,    0.19305E-04,    0.67288E-03,    0.98479E-03
    2.080,   2876.22823,  90.82936, 
   7.0000000000000145E-002   6.9999999999999923E-002
 0.03483,   ******,    0.29229E-03,    0.19178E-04,    0.67205E-03,    0.98352E-03
    2.090,   2877.85919,  91.15001, 
   7.0000000000000145E-002   7.0000000000000007E-002
 0.03500,   ******,    0.29198E-03,    0.19048E-04,    0.67121E-03,    0.98223E-03
    2.100,   2879.88481,  91.47080, 
   7.0000000000000145E-002   7.0000000000000021E-002
 0.03517,   ******,    0.29167E-03,    0.18917E-04,    0.67035E-03,    0.98094E-03
    2.110,   2882.26210,  91.79173, 
   7.0000000000000145E-002   7.0000000000000034E-002
 0.03533,   ******,    0.29137E-03,    0.18785E-04,    0.66949E-03,    0.97964E-03
    2.120,   2884.96016,  92.11284, 
   7.0000000000000145E-002   6.9999999999999965E-002
 0.03550,   ******,    0.29106E-03,    0.18652E-04,    0.66861E-03,    0.97832E-03
    2.130,   2888.02704,  92.43415, 
   7.0000000000000145E-002   7.0000000000000007E-002
 0.03567,   ******,    0.29076E-03,    0.18518E-04,    0.66772E-03,    0.97700E-03
    2.140,   2891.36139,  92.75567, 
   7.0000000000000145E-002   6.9999999999999965E-002
 0.03583,   ******,    0.29047E-03,    0.18383E-04,    0.66682E-03,    0.97567E-03
    2.150,   2895.01493,  93.07743, 
   7.0000000000000145E-002   6.9999999999999965E-002
 0.03600,   ******,    0.29018E-03,    0.18247E-04,    0.66592E-03,    0.97434E-03
    2.160,   2898.95770,  93.39944, 
   7.0000000000000145E-002   6.9999999999999923E-002
 0.03617,   ******,    0.28989E-03,    0.18111E-04,    0.66501E-03,    0.97300E-03
    2.170,   2903.12364,  93.72172, 
   7.0000000000000145E-002   7.0000000000000034E-002
 0.03633,   ******,    0.28960E-03,    0.17974E-04,    0.66408E-03,    0.97165E-03
    2.180,   2907.59127,  94.04429, 
   7.0000000000000145E-002   7.0000000000000007E-002
 0.03650,   ******,    0.28932E-03,    0.17837E-04,    0.66315E-03,    0.97030E-03
    2.190,   2912.24987,  94.36715, 
   7.0000000000000145E-002   6.9999999999999965E-002
 0.03667,   ******,    0.28903E-03,    0.17700E-04,    0.66221E-03,    0.96895E-03
    2.200,   2917.13943,  94.69033, 
   7.0000000000000145E-002   7.0000000000000021E-002
 0.03683,   ******,    0.28876E-03,    0.17563E-04,    0.66126E-03,    0.96758E-03
    2.210,   2922.25492,  95.01383, 
   7.0000000000000145E-002   7.0000000000000007E-002
 0.03700,   ******,    0.28848E-03,    0.17426E-04,    0.66031E-03,    0.96622E-03
    2.220,   2927.51528,  95.33766, 
   7.0000000000000145E-002   6.9999999999999951E-002
 0.03717,   ******,    0.28821E-03,    0.17289E-04,    0.65935E-03,    0.96485E-03
    2.230,   2933.00269,  95.66185, 
   7.0000000000000145E-002   6.9999999999999910E-002
 0.03733,   ******,    0.28794E-03,    0.17152E-04,    0.65839E-03,    0.96348E-03
    2.240,   2938.61930,  95.98638, 
   7.0000000000000145E-002   6.9999999999999979E-002
 0.03750,   ******,    0.28767E-03,    0.17015E-04,    0.65741E-03,    0.96210E-03
    2.250,   2944.39716,  96.31128, 
   7.0000000000000145E-002   6.9999999999999979E-002
 0.03767,   ******,    0.28741E-03,    0.16879E-04,    0.65643E-03,    0.96072E-03
    2.260,   2950.33241,  96.63655, 
   7.0000000000000145E-002   7.0000000000000021E-002
 0.03783,   ******,    0.28715E-03,    0.16743E-04,    0.65545E-03,    0.95934E-03
    2.270,   2956.36199,  96.96220, 
   7.0000000000000145E-002   7.0000000000000034E-002
 0.03800,   ******,    0.28689E-03,    0.16608E-04,    0.65445E-03,    0.95795E-03
    2.280,   2962.54867,  97.28823, 
   7.0000000000000145E-002   6.9999999999999965E-002
 0.03817,   ******,    0.28664E-03,    0.16473E-04,    0.65345E-03,    0.95657E-03
    2.290,   2968.81145,  97.61466, 
   7.0000000000000145E-002   6.9999999999999993E-002
 0.03833,   ******,    0.28639E-03,    0.16339E-04,    0.65245E-03,    0.95517E-03
    2.300,   2975.18873,  97.94147, 
   7.0000000000000145E-002   6.9999999999999923E-002
 0.03850,   ******,    0.28614E-03,    0.16205E-04,    0.65143E-03,    0.95378E-03
    2.310,   2981.65343,  98.26869, 
   7.0000000000000145E-002   7.0000000000000021E-002
 0.03867,   ******,    0.28589E-03,    0.16072E-04,    0.65042E-03,    0.95238E-03
    2.320,   2988.18460,  98.59630, 
   7.0000000000000145E-002   6.9999999999999965E-002
 0.03883,   ******,    0.28565E-03,    0.15940E-04,    0.64939E-03,    0.95098E-03
    2.330,   2994.80575,  98.92432, 
   7.0000000000000145E-002   7.0000000000000007E-002
 0.03900,   ******,    0.28541E-03,    0.15808E-04,    0.64836E-03,    0.94958E-03
    2.340,   3001.46670,  99.25274, 
   7.0000000000000145E-002   6.9999999999999965E-002
 0.03917,   ******,    0.28518E-03,    0.15677E-04,    0.64732E-03,    0.94818E-03
    2.350,   3008.20049,  99.58158, 
   7.0000000000000145E-002   6.9999999999999979E-002
 0.03933,   ******,    0.28494E-03,    0.15547E-04,    0.64628E-03,    0.94677E-03
    2.360,   3014.96543,  99.91082, 
   7.0000000000000145E-002   7.0000000000000007E-002
 0.03950,   ******,    0.28471E-03,    0.15418E-04,    0.64523E-03,    0.94536E-03
    2.370,   3021.77771, 100.24047, 
   7.0000000000000145E-002   7.0000000000000062E-002
 0.03967,   ******,    0.28448E-03,    0.15290E-04,    0.64418E-03,    0.94395E-03
    2.380,   3028.61659, 100.57053, 
   7.0000000000000145E-002   7.0000000000000021E-002
 0.03983,   ******,    0.28426E-03,    0.15163E-04,    0.64312E-03,    0.94253E-03
    2.390,   3035.48040, 100.90100, 
   7.0000000000000145E-002   7.0000000000000034E-002
 0.04000,   ******,    0.28403E-03,    0.15036E-04,    0.64205E-03,    0.94112E-03
    2.400,   3042.36287, 101.23187, 
   7.0000000000000145E-002   7.0000000000000007E-002
 0.04017,   ******,    0.28381E-03,    0.14911E-04,    0.64098E-03,    0.93970E-03
    2.410,   3049.25382, 101.56316, 
   7.0000000000000145E-002   6.9999999999999993E-002
 0.04033,   ******,    0.28360E-03,    0.14786E-04,    0.63990E-03,    0.93828E-03
    2.420,   3056.15194, 101.89485, 
   7.0000000000000145E-002   7.0000000000000007E-002
 0.04050,   ******,    0.28338E-03,    0.14663E-04,    0.63882E-03,    0.93686E-03
    2.430,   3063.04608, 102.22694, 
   7.0000000000000145E-002   6.9999999999999993E-002
 0.04067,   ******,    0.28317E-03,    0.14540E-04,    0.63773E-03,    0.93544E-03
    2.440,   3069.93449, 102.55944, 
   7.0000000000000145E-002   7.0000000000000062E-002
 0.04083,   ******,    0.28296E-03,    0.14419E-04,    0.63664E-03,    0.93402E-03
    2.450,   3076.80804, 102.89234, 
   7.0000000000000145E-002   6.9999999999999951E-002
 0.04100,   ******,    0.28276E-03,    0.14298E-04,    0.63555E-03,    0.93260E-03
    2.460,   3083.66256, 103.22564, 
   7.0000000000000145E-002   7.0000000000000021E-002
 0.04117,   ******,    0.28256E-03,    0.14178E-04,    0.63445E-03,    0.93119E-03
    2.470,   3090.49055, 103.55933, 
   6.2802251755499036E-040   6.9999999999999993E-002
   6.2802251755499036E-040   6.9999999999999993E-002
   6.2802251755499036E-040   6.9999999999999993E-002
   6.2802251755499036E-040   6.9999999999999993E-002
   6.2802251755499036E-040   6.9999999999999993E-002
   6.2802251755499036E-040   6.9999999999999993E-002
   6.2802251755499036E-040   6.9999999999999993E-002
